<?xml version="1.0" encoding="UTF-8"?>
<!-- Generated by org.testng.reporters.JUnitXMLReporter -->
<testsuite ignored="0" hostname="DESKTOP-FB52LGM" failures="0" tests="2" name="End to end Framework Test" time="73.157" errors="0" timestamp="2024-04-09T16:55:20 EEST">
  <testcase classname="kharchenkoAppiumLesson.eCommerce_tc_4_Hybrid" name="FillForm" time="27.31"/>
  <testcase classname="kharchenkoAppiumLesson.eCommerce_tc_4_Hybrid" name="FillForm" time="23.399"/>
</testsuite> <!-- End to end Framework Test -->
