<?xml version="1.0" encoding="UTF-8"?>
<testng-results ignored="0" total="2" passed="2" failed="0" skipped="0">
  <reporter-output>
  </reporter-output>
  <suite started-at="2024-04-09T16:54:06 EEST" name="Suite" finished-at="2024-04-09T16:55:20 EEST" duration-ms="73598">
    <groups>
      <group name="Smoke">
        <method signature="eCommerce_tc_4_Hybrid.FillForm(java.util.HashMap)[pri:0, instance:kharchenkoAppiumLesson.eCommerce_tc_4_Hybrid@6f01b95f]" name="FillForm" class="kharchenkoAppiumLesson.eCommerce_tc_4_Hybrid"/>
      </group> <!-- Smoke -->
    </groups>
    <test started-at="2024-04-09T16:54:06 EEST" name="End to end Framework Test" finished-at="2024-04-09T16:55:19 EEST" duration-ms="73157">
      <class name="kharchenkoAppiumLesson.eCommerce_tc_4_Hybrid">
        <test-method is-config="true" signature="ConfigureAppium()[pri:0, instance:kharchenkoAppiumLesson.eCommerce_tc_4_Hybrid@6f01b95f]" started-at="2024-04-09T16:54:06 EEST" name="ConfigureAppium" finished-at="2024-04-09T16:54:27 EEST" duration-ms="20921" status="PASS">
          <reporter-output>
          </reporter-output>
        </test-method> <!-- ConfigureAppium -->
        <test-method is-config="true" signature="preSetup()[pri:0, instance:kharchenkoAppiumLesson.eCommerce_tc_4_Hybrid@6f01b95f]" started-at="2024-04-09T16:54:27 EEST" name="preSetup" finished-at="2024-04-09T16:54:28 EEST" duration-ms="299" status="PASS">
          <reporter-output>
          </reporter-output>
        </test-method> <!-- preSetup -->
        <test-method signature="FillForm(java.util.HashMap)[pri:0, instance:kharchenkoAppiumLesson.eCommerce_tc_4_Hybrid@6f01b95f]" started-at="2024-04-09T16:54:28 EEST" name="FillForm" data-provider="getData" finished-at="2024-04-09T16:54:55 EEST" duration-ms="27310" status="PASS">
          <params>
            <param index="0">
              <value>
                <![CDATA[{name=Rahul Shetty, country=Aruba, gender=female}]]>
              </value>
            </param>
          </params>
          <reporter-output>
          </reporter-output>
        </test-method> <!-- FillForm -->
        <test-method is-config="true" signature="preSetup()[pri:0, instance:kharchenkoAppiumLesson.eCommerce_tc_4_Hybrid@6f01b95f]" started-at="2024-04-09T16:54:55 EEST" name="preSetup" finished-at="2024-04-09T16:54:55 EEST" duration-ms="238" status="PASS">
          <reporter-output>
          </reporter-output>
        </test-method> <!-- preSetup -->
        <test-method signature="FillForm(java.util.HashMap)[pri:0, instance:kharchenkoAppiumLesson.eCommerce_tc_4_Hybrid@6f01b95f]" started-at="2024-04-09T16:54:55 EEST" name="FillForm" data-provider="getData" finished-at="2024-04-09T16:55:19 EEST" duration-ms="23399" status="PASS">
          <params>
            <param index="0">
              <value>
                <![CDATA[{name=Oleksandr Kharchenko, country=Bahrain, gender=male}]]>
              </value>
            </param>
          </params>
          <reporter-output>
          </reporter-output>
        </test-method> <!-- FillForm -->
        <test-method is-config="true" signature="tearDown()[pri:0, instance:kharchenkoAppiumLesson.eCommerce_tc_4_Hybrid@6f01b95f]" started-at="2024-04-09T16:55:19 EEST" name="tearDown" finished-at="2024-04-09T16:55:19 EEST" duration-ms="637" status="PASS">
          <reporter-output>
          </reporter-output>
        </test-method> <!-- tearDown -->
      </class> <!-- kharchenkoAppiumLesson.eCommerce_tc_4_Hybrid -->
    </test> <!-- End to end Framework Test -->
    <test started-at="2024-04-09T16:55:20 EEST" name="Error Validations Test" finished-at="2024-04-09T16:55:20 EEST" duration-ms="1">
    </test> <!-- Error Validations Test -->
  </suite> <!-- Suite -->
</testng-results>
