<?xml version="1.0" encoding="UTF-8"?>
<testsuite xmlns:xsi="http://www.w3.org/2001/XMLSchema-instance" xsi:noNamespaceSchemaLocation="https://maven.apache.org/surefire/maven-surefire-plugin/xsd/surefire-test-report-3.0.xsd" version="3.0" name="TestSuite" time="74.571" tests="2" errors="0" skipped="0" failures="0">
  <properties>
[...]
</properties>
  <testcase name="FillForm[{name=Rahul Shetty, country=Aruba, gender=female}](1)" classname="kharchenkoAppiumLesson.eCommerce_tc_4_Hybrid" time="27.319">
    <system-out><![CDATA[&amp#27;[35m[Appium]&amp#27;[39m Welcome to Appium v2.5.1
&amp#27;[35m[Appium]&amp#27;[39m Non-default server args:
&amp#27;[35m[Appium]&amp#27;[39m { address: &amp#27;[32m'127.0.0.1'&amp#27;[39m }
&amp#27;[35m[Appium]&amp#27;[39m The autodetected Appium home path: C:\Users\alex8_green\.appium
&amp#27;[35m[Appium]&amp#27;[39m Attempting to load driver uiautomator2...
&amp#27;[35m[Appium]&amp#27;[39m Attempting to load driver xcuitest...
&amp#27;[35m[Appium]&amp#27;[39m Attempting to load driver gecko...
&amp#27;[35m[Appium]&amp#27;[39m Requiring driver at C:\Users\alex8_green\.appium\node_modules\appium-xcuitest-driver\build\index.js
&amp#27;[35m[Appium]&amp#27;[39m Requiring driver at C:\Users\alex8_green\.appium\node_modules\appium-uiautomator2-driver\build\index.js
&amp#27;[35m[Appium]&amp#27;[39m Requiring driver at C:\Users\alex8_green\.appium\node_modules\appium-geckodriver\build\index.js
&amp#27;[35m[Appium]&amp#27;[39m XCUITestDriver has been successfully loaded in 2.614s
&amp#27;[35m[Appium]&amp#27;[39m AndroidUiautomator2Driver has been successfully loaded in 2.615s
&amp#27;[35m[Appium]&amp#27;[39m GeckoDriver has been successfully loaded in 2.614s
&amp#27;[35m[Appium]&amp#27;[39m Attempting to load driver chromium...
&amp#27;[35m[Appium]&amp#27;[39m Requiring driver at C:\Users\alex8_green\.appium\node_modules\appium-chromium-driver\index.js
&amp#27;[35m[Appium]&amp#27;[39m ChromiumDriver has been successfully loaded in 0.892s
&amp#27;[35m[Appium]&amp#27;[39m Appium REST http interface listener started on http://127.0.0.1:4723
&amp#27;[35m[Appium]&amp#27;[39m Available drivers:
&amp#27;[35m[Appium]&amp#27;[39m   - uiautomator2@3.0.1 (automationName 'UiAutomator2')
&amp#27;[35m[Appium]&amp#27;[39m   - xcuitest@7.1.2 (automationName 'XCUITest')
&amp#27;[35m[Appium]&amp#27;[39m   - gecko@1.3.0 (automationName 'Gecko')
&amp#27;[35m[Appium]&amp#27;[39m   - chromium@1.3.14 (automationName 'Chromium')
&amp#27;[35m[Appium]&amp#27;[39m No plugins have been installed. Use the "appium plugin" command to install the one(s) you want to use.
&amp#27;[38;5;0m[HTTP]&amp#27;[0m &amp#27;[37m-->&amp#27;[39m &amp#27;[37mGET&amp#27;[39m &amp#27;[37m/status&amp#27;[39m
&amp#27;[38;5;0m[HTTP]&amp#27;[0m &amp#27;[90m{}&amp#27;[39m
&amp#27;[38;5;16m[AppiumDriver@e4c8]&amp#27;[0m Calling AppiumDriver.getStatus() with args: []
&amp#27;[38;5;16m[AppiumDriver@e4c8]&amp#27;[0m Responding to client with driver.getStatus() result: {"ready":true,"message":"The server is ready to accept new connections","build":{"version":"2.5.1"}}
&amp#27;[38;5;0m[HTTP]&amp#27;[0m &amp#27;[37m<-- GET /status &amp#27;[39m&amp#27;[32m200&amp#27;[39m &amp#27;[90m5 ms - 110&amp#27;[39m
&amp#27;[38;5;0m[HTTP]&amp#27;[0m &amp#27;[90m&amp#27;[39m
&amp#27;[38;5;0m[HTTP]&amp#27;[0m Request idempotency key: 6d3467ca-d82b-4b14-8233-c413cf5c238e
&amp#27;[38;5;0m[HTTP]&amp#27;[0m &amp#27;[37m-->&amp#27;[39m &amp#27;[37mPOST&amp#27;[39m &amp#27;[37m/session&amp#27;[39m
&amp#27;[38;5;0m[HTTP]&amp#27;[0m &amp#27;[90m{"capabilities":{"firstMatch":[{}],"alwaysMatch":{"appium:automationName":"UIAutomator2","appium:deviceName":"Kharchenko_Pixel 7 API 34","appium:app":"D:\\Projects\\AppiumPageObject\\src\\test\\java\\resources\\General-Store.apk","platformName":"ANDROID"}}}&amp#27;[39m
&amp#27;[38;5;16m[AppiumDriver@e4c8]&amp#27;[0m Calling AppiumDriver.createSession() with args: [null,null,{"firstMatch":[{}],"alwaysMatch":{"appium:automationName":"UIAutomator2","appium:deviceName":"Kharchenko_Pixel 7 API 34","appium:app":"D:\\Projects\\AppiumPageObject\\src\\test\\java\\resources\\General-Store.apk","platformName":"ANDROID"}}]
&amp#27;[38;5;16m[AppiumDriver@e4c8]&amp#27;[0m Event 'newSessionRequested' logged at 1712670852654 (16:54:12 GMT+0300 (Р’РѕСЃС‚РѕС‡РЅР°СЏ Р•РІСЂРѕРїР°, Р»РµС‚РЅРµРµ РІСЂРµРјСЏ))
&amp#27;[35m[Appium]&amp#27;[39m Attempting to find matching driver for automationName 'UIAutomator2' and platformName 'ANDROID'
&amp#27;[35m[Appium]&amp#27;[39m The 'uiautomator2' driver was installed and matched caps.
&amp#27;[35m[Appium]&amp#27;[39m Will require it at C:\Users\alex8_green\.appium\node_modules\appium-uiautomator2-driver
&amp#27;[35m[Appium]&amp#27;[39m Requiring driver at C:\Users\alex8_green\.appium\node_modules\appium-uiautomator2-driver\build\index.js
&amp#27;[38;5;16m[AppiumDriver@e4c8]&amp#27;[0m Appium v2.5.1 creating new AndroidUiautomator2Driver (v3.0.1) session
&amp#27;[38;5;16m[AppiumDriver@e4c8]&amp#27;[0m Checking BaseDriver versions for Appium and AndroidUiautomator2Driver
&amp#27;[38;5;16m[AppiumDriver@e4c8]&amp#27;[0m Appium's BaseDriver version is 9.5.2
&amp#27;[38;5;16m[AppiumDriver@e4c8]&amp#27;[0m AndroidUiautomator2Driver's BaseDriver version is 9.5.2
&amp#27;[38;5;32m[AndroidUiautomator2Driver@164a]&amp#27;[0m Creating session with W3C capabilities: {
&amp#27;[38;5;32m[AndroidUiautomator2Driver@164a]&amp#27;[0m   "alwaysMatch": {
&amp#27;[38;5;32m[AndroidUiautomator2Driver@164a]&amp#27;[0m     "platformName": "ANDROID",
&amp#27;[38;5;32m[AndroidUiautomator2Driver@164a]&amp#27;[0m     "appium:automationName": "UIAutomator2",
&amp#27;[38;5;32m[AndroidUiautomator2Driver@164a]&amp#27;[0m     "appium:deviceName": "Kharchenko_Pixel 7 API 34",
&amp#27;[38;5;32m[AndroidUiautomator2Driver@164a]&amp#27;[0m     "appium:app": "D:\\Projects\\AppiumPageObject\\src\\test\\java\\resources\\General-Store.apk"
&amp#27;[38;5;32m[AndroidUiautomator2Driver@164a]&amp#27;[0m   },
&amp#27;[38;5;32m[AndroidUiautomator2Driver@164a]&amp#27;[0m   "firstMatch": [
&amp#27;[38;5;32m[AndroidUiautomator2Driver@164a]&amp#27;[0m     {}
&amp#27;[38;5;32m[AndroidUiautomator2Driver@164a]&amp#27;[0m   ]
&amp#27;[38;5;32m[AndroidUiautomator2Driver@164a]&amp#27;[0m }
&amp#27;[38;5;32m[AndroidUiautomator2Driver@164a (48a4102c)]&amp#27;[0m Session created with session id: 48a4102c-445f-4a42-b3f3-407546bbd0a5
&amp#27;[38;5;48m[ADB]&amp#27;[0m Found 3 'build-tools' folders under 'C:\Users\alex8_green\AppData\Local\Android\Sdk' (newest first):
&amp#27;[38;5;48m[ADB]&amp#27;[0m     C:\Users\alex8_green\AppData\Local\Android\Sdk\build-tools\34.0.0
&amp#27;[38;5;48m[ADB]&amp#27;[0m     C:\Users\alex8_green\AppData\Local\Android\Sdk\build-tools\32.0.0
&amp#27;[38;5;48m[ADB]&amp#27;[0m     C:\Users\alex8_green\AppData\Local\Android\Sdk\build-tools\30.0.2
&amp#27;[38;5;48m[ADB]&amp#27;[0m Using 'adb.exe' from 'C:\Users\alex8_green\AppData\Local\Android\Sdk\platform-tools\adb.exe'
&amp#27;[38;5;48m[ADB]&amp#27;[0m Running 'C:\Users\alex8_green\AppData\Local\Android\Sdk\platform-tools\adb.exe -P 5037 start-server'
&amp#27;[38;5;32m[AndroidUiautomator2Driver@164a (48a4102c)]&amp#27;[0m Retrieving device list
&amp#27;[38;5;48m[ADB]&amp#27;[0m Trying to find connected Android devices
&amp#27;[38;5;48m[ADB]&amp#27;[0m Getting connected devices
&amp#27;[38;5;48m[ADB]&amp#27;[0m Connected devices: [{"udid":"emulator-5554","state":"device"}]
&amp#27;[38;5;32m[AndroidUiautomator2Driver@164a (48a4102c)]&amp#27;[0m Using device: emulator-5554
&amp#27;[38;5;48m[ADB]&amp#27;[0m Using 'adb.exe' from 'C:\Users\alex8_green\AppData\Local\Android\Sdk\platform-tools\adb.exe'
&amp#27;[38;5;48m[ADB]&amp#27;[0m Running 'C:\Users\alex8_green\AppData\Local\Android\Sdk\platform-tools\adb.exe -P 5037 start-server'
&amp#27;[38;5;48m[ADB]&amp#27;[0m Setting device id to emulator-5554
&amp#27;[38;5;64m[BaseDriver]&amp#27;[0m Using local app 'D:\Projects\AppiumPageObject\src\test\java\resources\General-Store.apk'
&amp#27;[38;5;32m[AndroidUiautomator2Driver@164a (48a4102c)]&amp#27;[0m Checking whether app is actually present
&amp#27;[38;5;48m[ADB]&amp#27;[0m Running 'C:\Users\alex8_green\AppData\Local\Android\Sdk\platform-tools\adb.exe -P 5037 -s emulator-5554 shell getprop ro.build.version.sdk'
&amp#27;[38;5;48m[ADB]&amp#27;[0m Current device property 'ro.build.version.sdk': 34
&amp#27;[38;5;48m[ADB]&amp#27;[0m Getting device platform version
&amp#27;[38;5;48m[ADB]&amp#27;[0m Running 'C:\Users\alex8_green\AppData\Local\Android\Sdk\platform-tools\adb.exe -P 5037 -s emulator-5554 shell getprop ro.build.version.release'
&amp#27;[38;5;48m[ADB]&amp#27;[0m Current device property 'ro.build.version.release': 14
&amp#27;[38;5;48m[ADB]&amp#27;[0m Device API level: 34
&amp#27;[38;5;32m[AndroidUiautomator2Driver@164a (48a4102c)]&amp#27;[0m Relaxing hidden api policy
&amp#27;[38;5;48m[ADB]&amp#27;[0m Running 'C:\Users\alex8_green\AppData\Local\Android\Sdk\platform-tools\adb.exe -P 5037 -s emulator-5554 shell 'settings put global hidden_api_policy_pre_p_apps 1;settings put global hidden_api_policy_p_apps 1;settings put global hidden_api_policy 1''
&amp#27;[38;5;32m[AndroidUiautomator2Driver@164a (48a4102c)]&amp#27;[0m Parsing package and activity from app manifest
&amp#27;[38;5;48m[ADB]&amp#27;[0m Running 'C:\Users\alex8_green\AppData\Local\Android\Sdk\platform-tools\adb.exe -P 5037 -s emulator-5554 wait-for-device'
&amp#27;[38;5;48m[ADB]&amp#27;[0m Package name: 'com.androidsample.generalstore'
&amp#27;[38;5;48m[ADB]&amp#27;[0m Main activity name: 'com.androidsample.generalstore.SplashActivity'
&amp#27;[38;5;32m[AndroidUiautomator2Driver@164a (48a4102c)]&amp#27;[0m Parsed package and activity are: com.androidsample.generalstore/com.androidsample.generalstore.SplashActivity
&amp#27;[38;5;48m[ADB]&amp#27;[0m Running 'C:\Users\alex8_green\AppData\Local\Android\Sdk\platform-tools\adb.exe -P 5037 -s emulator-5554 shell echo ping'
&amp#27;[38;5;32m[AndroidUiautomator2Driver@164a (48a4102c)]&amp#27;[0m Pushing settings apk to the device...
&amp#27;[38;5;48m[ADB]&amp#27;[0m Getting package info for 'io.appium.settings'
&amp#27;[38;5;48m[ADB]&amp#27;[0m Running 'C:\Users\alex8_green\AppData\Local\Android\Sdk\platform-tools\adb.exe -P 5037 -s emulator-5554 shell dumpsys package io.appium.settings'
&amp#27;[38;5;48m[ADB]&amp#27;[0m The version name of the installed 'io.appium.settings' is greater or equal to the application version name ('5.7.5' >= '5.7.5')
&amp#27;[38;5;48m[ADB]&amp#27;[0m There is no need to install/upgrade 'C:\Users\alex8_green\.appium\node_modules\appium-uiautomator2-driver\node_modules\io.appium.settings\apks\settings_apk-debug.apk'
&amp#27;[38;5;48m[ADB]&amp#27;[0m Running 'C:\Users\alex8_green\AppData\Local\Android\Sdk\platform-tools\adb.exe -P 5037 -s emulator-5554 shell dumpsys activity services io.appium.settings'
&amp#27;[38;5;32m[AndroidUiautomator2Driver@164a (48a4102c)]&amp#27;[0m io.appium.settings is already running. There is no need to reset its permissions.
&amp#27;[38;5;80m[Logcat]&amp#27;[0m Starting logs capture with command: C:\\Users\\alex8_green\\AppData\\Local\\Android\\Sdk\\platform-tools\\adb.exe -P 5037 -s emulator-5554 logcat -v threadtime
&amp#27;[38;5;32m[AndroidUiautomator2Driver@164a (48a4102c)]&amp#27;[0m Forwarding UiAutomator2 Server port 6790 to local port 8200
&amp#27;[38;5;48m[ADB]&amp#27;[0m Forwarding system: 8200 to device: 6790
&amp#27;[38;5;48m[ADB]&amp#27;[0m Running 'C:\Users\alex8_green\AppData\Local\Android\Sdk\platform-tools\adb.exe -P 5037 -s emulator-5554 forward tcp:8200 tcp:6790'
&amp#27;[38;5;48m[ADB]&amp#27;[0m Checking app cert for D:\Projects\AppiumPageObject\src\test\java\resources\General-Store.apk
&amp#27;[38;5;48m[ADB]&amp#27;[0m Checking app cert for C:\Users\alex8_green\.appium\node_modules\appium-uiautomator2-driver\node_modules\appium-uiautomator2-server\apks\appium-uiautomator2-server-v7.0.1.apk
&amp#27;[38;5;48m[ADB]&amp#27;[0m Checking app cert for C:\Users\alex8_green\.appium\node_modules\appium-uiautomator2-driver\node_modules\appium-uiautomator2-server\apks\appium-uiautomator2-server-debug-androidTest.apk
&amp#27;[38;5;48m[ADB]&amp#27;[0m Using 'apksigner.jar' from 'C:\Users\alex8_green\AppData\Local\Android\Sdk\build-tools\34.0.0\lib\apksigner.jar'
&amp#27;[38;5;48m[ADB]&amp#27;[0m Starting apksigner: 'C:\\Program Files\\Java\\jdk-17\\bin\\java.exe' -Xmx1024M -Xss1m -jar C:\\Users\\alex8_green\\AppData\\Local\\Android\\Sdk\\build-tools\\34.0.0\\lib\\apksigner.jar verify --print-certs C:\\Users\\alex8_green\\.appium\\node_modules\\appium-uiautomator2-driver\\node_modules\\appium-uiautomator2-server\\apks\\appium-uiautomator2-server-debug-androidTest.apk
&amp#27;[38;5;48m[ADB]&amp#27;[0m Starting apksigner: 'C:\\Program Files\\Java\\jdk-17\\bin\\java.exe' -Xmx1024M -Xss1m -jar C:\\Users\\alex8_green\\AppData\\Local\\Android\\Sdk\\build-tools\\34.0.0\\lib\\apksigner.jar verify --print-certs D:\\Projects\\AppiumPageObject\\src\\test\\java\\resources\\General-Store.apk
&amp#27;[38;5;48m[ADB]&amp#27;[0m Starting apksigner: 'C:\\Program Files\\Java\\jdk-17\\bin\\java.exe' -Xmx1024M -Xss1m -jar C:\\Users\\alex8_green\\AppData\\Local\\Android\\Sdk\\build-tools\\34.0.0\\lib\\apksigner.jar verify --print-certs C:\\Users\\alex8_green\\.appium\\node_modules\\appium-uiautomator2-driver\\node_modules\\appium-uiautomator2-server\\apks\\appium-uiautomator2-server-v7.0.1.apk
&amp#27;[38;5;48m[ADB]&amp#27;[0m apksigner stdout: Signer #1 certificate DN: EMAILADDRESS=android@android.com, CN=Android, OU=Android, O=Android, L=Mountain View, ST=California, C=US
&amp#27;[38;5;48m[ADB]&amp#27;[0m Signer #1 certificate SHA-256 digest: a40da80a59d170caa950cf15c18c454d47a39b26989d8b640ecd745ba71bf5dc
&amp#27;[38;5;48m[ADB]&amp#27;[0m Signer #1 certificate SHA-1 digest: 61ed377e85d386a8dfee6b864bd85b0bfaa5af81
&amp#27;[38;5;48m[ADB]&amp#27;[0m Signer #1 certificate MD5 digest: e89b158e4bcf988ebd09eb83f5378e87
&amp#27;[38;5;48m[ADB]&amp#27;[0m 
&amp#27;[38;5;48m[ADB]&amp#27;[0m sha256 hash did match for 'appium-uiautomator2-server-debug-androidTest.apk'
&amp#27;[38;5;48m[ADB]&amp#27;[0m 'C:\Users\alex8_green\.appium\node_modules\appium-uiautomator2-driver\node_modules\appium-uiautomator2-server\apks\appium-uiautomator2-server-debug-androidTest.apk' is signed with the default certificate
&amp#27;[38;5;48m[ADB]&amp#27;[0m Getting install status for io.appium.uiautomator2.server.test
&amp#27;[38;5;48m[ADB]&amp#27;[0m Running 'C:\Users\alex8_green\AppData\Local\Android\Sdk\platform-tools\adb.exe -P 5037 -s emulator-5554 shell pm path io.appium.uiautomator2.server.test'
&amp#27;[38;5;48m[ADB]&amp#27;[0m 'io.appium.uiautomator2.server.test' is installed
&amp#27;[38;5;48m[ADB]&amp#27;[0m apksigner stdout: Signer #1 certificate DN: EMAILADDRESS=android@android.com, CN=Android, OU=Android, O=Android, L=Mountain View, ST=California, C=US
&amp#27;[38;5;48m[ADB]&amp#27;[0m Signer #1 certificate SHA-256 digest: a40da80a59d170caa950cf15c18c454d47a39b26989d8b640ecd745ba71bf5dc
&amp#27;[38;5;48m[ADB]&amp#27;[0m Signer #1 certificate SHA-1 digest: 61ed377e85d386a8dfee6b864bd85b0bfaa5af81
&amp#27;[38;5;48m[ADB]&amp#27;[0m Signer #1 certificate MD5 digest: e89b158e4bcf988ebd09eb83f5378e87
&amp#27;[38;5;48m[ADB]&amp#27;[0m 
&amp#27;[38;5;48m[ADB]&amp#27;[0m sha256 hash did match for 'General-Store.apk'
&amp#27;[38;5;48m[ADB]&amp#27;[0m 'D:\Projects\AppiumPageObject\src\test\java\resources\General-Store.apk' is signed with the default certificate
&amp#27;[38;5;48m[ADB]&amp#27;[0m Getting package info for 'com.androidsample.generalstore'
&amp#27;[38;5;48m[ADB]&amp#27;[0m Running 'C:\Users\alex8_green\AppData\Local\Android\Sdk\platform-tools\adb.exe -P 5037 -s emulator-5554 shell dumpsys package com.androidsample.generalstore'
&amp#27;[38;5;48m[ADB]&amp#27;[0m The version name of the installed 'com.androidsample.generalstore' is greater or equal to the application version name ('1.0.0' >= '1.0.0')
&amp#27;[38;5;48m[ADB]&amp#27;[0m There is no need to install/upgrade 'D:\Projects\AppiumPageObject\src\test\java\resources\General-Store.apk'
&amp#27;[38;5;32m[AndroidUiautomator2Driver@164a (48a4102c)]&amp#27;[0m Performing fast reset on 'com.androidsample.generalstore'
&amp#27;[38;5;48m[ADB]&amp#27;[0m Getting install status for com.androidsample.generalstore
&amp#27;[38;5;48m[ADB]&amp#27;[0m Running 'C:\Users\alex8_green\AppData\Local\Android\Sdk\platform-tools\adb.exe -P 5037 -s emulator-5554 shell pm path com.androidsample.generalstore'
&amp#27;[38;5;48m[ADB]&amp#27;[0m 'com.androidsample.generalstore' is installed
&amp#27;[38;5;48m[ADB]&amp#27;[0m Running 'C:\Users\alex8_green\AppData\Local\Android\Sdk\platform-tools\adb.exe -P 5037 -s emulator-5554 shell am force-stop com.androidsample.generalstore'
&amp#27;[38;5;48m[ADB]&amp#27;[0m Running 'C:\Users\alex8_green\AppData\Local\Android\Sdk\platform-tools\adb.exe -P 5037 -s emulator-5554 shell pm clear com.androidsample.generalstore'
&amp#27;[38;5;48m[ADB]&amp#27;[0m apksigner stdout: Signer #1 certificate DN: EMAILADDRESS=android@android.com, CN=Android, OU=Android, O=Android, L=Mountain View, ST=California, C=US
&amp#27;[38;5;48m[ADB]&amp#27;[0m Signer #1 certificate SHA-256 digest: a40da80a59d170caa950cf15c18c454d47a39b26989d8b640ecd745ba71bf5dc
&amp#27;[38;5;48m[ADB]&amp#27;[0m Signer #1 certificate SHA-1 digest: 61ed377e85d386a8dfee6b864bd85b0bfaa5af81
&amp#27;[38;5;48m[ADB]&amp#27;[0m Signer #1 certificate MD5 digest: e89b158e4bcf988ebd09eb83f5378e87
&amp#27;[38;5;48m[ADB]&amp#27;[0m 
&amp#27;[38;5;48m[ADB]&amp#27;[0m sha256 hash did match for 'appium-uiautomator2-server-v7.0.1.apk'
&amp#27;[38;5;48m[ADB]&amp#27;[0m 'C:\Users\alex8_green\.appium\node_modules\appium-uiautomator2-driver\node_modules\appium-uiautomator2-server\apks\appium-uiautomator2-server-v7.0.1.apk' is signed with the default certificate
&amp#27;[38;5;48m[ADB]&amp#27;[0m Getting package info for 'io.appium.uiautomator2.server'
&amp#27;[38;5;48m[ADB]&amp#27;[0m Running 'C:\Users\alex8_green\AppData\Local\Android\Sdk\platform-tools\adb.exe -P 5037 -s emulator-5554 shell dumpsys package io.appium.uiautomator2.server'
&amp#27;[38;5;32m[AndroidUiautomator2Driver@164a (48a4102c)]&amp#27;[0m Performed fast reset on the installed 'com.androidsample.generalstore' application (stop and clear)
&amp#27;[38;5;48m[ADB]&amp#27;[0m The version name of the installed 'io.appium.uiautomator2.server' is greater or equal to the application version name ('7.0.1' >= '7.0.1')
&amp#27;[38;5;32m[AndroidUiautomator2Driver@164a (48a4102c)]&amp#27;[0m Server packages status: [{"wasSigned":true,"installState":"sameVersionInstalled","appPath":"C:\\Users\\alex8_green\\.appium\\node_modules\\appium-uiautomator2-driver\\node_modules\\appium-uiautomator2-server\\apks\\appium-uiautomator2-server-v7.0.1.apk","appId":"io.appium.uiautomator2.server"},{"wasSigned":true,"installState":"sameVersionInstalled","appPath":"C:\\Users\\alex8_green\\.appium\\node_modules\\appium-uiautomator2-driver\\node_modules\\appium-uiautomator2-server\\apks\\appium-uiautomator2-server-debug-androidTest.apk","appId":"io.appium.uiautomator2.server.test"}]
&amp#27;[38;5;32m[AndroidUiautomator2Driver@164a (48a4102c)]&amp#27;[0m Server packages are not going to be (re)installed
&amp#27;[38;5;32m[AndroidUiautomator2Driver@164a (48a4102c)]&amp#27;[0m Waiting up to 30000ms for services to be available
&amp#27;[38;5;48m[ADB]&amp#27;[0m Running 'C:\Users\alex8_green\AppData\Local\Android\Sdk\platform-tools\adb.exe -P 5037 -s emulator-5554 shell pm list instrumentation'
&amp#27;[38;5;32m[AndroidUiautomator2Driver@164a (48a4102c)]&amp#27;[0m Instrumentation target 'io.appium.uiautomator2.server.test/androidx.test.runner.AndroidJUnitRunner' is available
&amp#27;[38;5;48m[ADB]&amp#27;[0m Adding packages ["io.appium.settings","io.appium.uiautomator2.server","io.appium.uiautomator2.server.test"] to Doze whitelist
&amp#27;[38;5;48m[ADB]&amp#27;[0m Got the following command chunks to execute: [["dumpsys","deviceidle","whitelist","+io.appium.settings",";","dumpsys","deviceidle","whitelist","+io.appium.uiautomator2.server",";","dumpsys","deviceidle","whitelist","+io.appium.uiautomator2.server.test",";"]]
&amp#27;[38;5;48m[ADB]&amp#27;[0m Running 'C:\Users\alex8_green\AppData\Local\Android\Sdk\platform-tools\adb.exe -P 5037 -s emulator-5554 shell dumpsys deviceidle whitelist +io.appium.settings ; dumpsys deviceidle whitelist +io.appium.uiautomator2.server ; dumpsys deviceidle whitelist +io.appium.uiautomator2.server.test ;'
&amp#27;[38;5;32m[AndroidUiautomator2Driver@164a (48a4102c)]&amp#27;[0m Performing shallow cleanup of automation leftovers
&amp#27;[38;5;32m[AndroidUiautomator2Driver@164a (48a4102c)]&amp#27;[0m No obsolete sessions have been detected (socket hang up)
&amp#27;[38;5;48m[ADB]&amp#27;[0m Running 'C:\Users\alex8_green\AppData\Local\Android\Sdk\platform-tools\adb.exe -P 5037 -s emulator-5554 shell am force-stop io.appium.uiautomator2.server.test'
&amp#27;[38;5;32m[AndroidUiautomator2Driver@164a (48a4102c)]&amp#27;[0m Starting UIAutomator2 server 7.0.1
&amp#27;[38;5;32m[AndroidUiautomator2Driver@164a (48a4102c)]&amp#27;[0m Using UIAutomator2 server from 'C:\Users\alex8_green\.appium\node_modules\appium-uiautomator2-driver\node_modules\appium-uiautomator2-server\apks\appium-uiautomator2-server-v7.0.1.apk' and test from 'C:\Users\alex8_green\.appium\node_modules\appium-uiautomator2-driver\node_modules\appium-uiautomator2-server\apks\appium-uiautomator2-server-debug-androidTest.apk'
&amp#27;[38;5;32m[AndroidUiautomator2Driver@164a (48a4102c)]&amp#27;[0m Waiting up to 30000ms for UiAutomator2 to be online...
&amp#27;[38;5;48m[ADB]&amp#27;[0m Creating ADB subprocess with args: ["-P","5037","-s","emulator-5554","shell","am","instrument","-w","-e","disableAnalytics","true","io.appium.uiautomator2.server.test/androidx.test.runner.AndroidJUnitRunner"]
&amp#27;[38;5;32m[AndroidUiautomator2Driver@164a (48a4102c)]&amp#27;[0m Matched '/status' to command name 'getStatus'
&amp#27;[38;5;32m[AndroidUiautomator2Driver@164a (48a4102c)]&amp#27;[0m Proxying [GET /status] to [GET http://127.0.0.1:8200/status] with no body
&amp#27;[38;5;32m[AndroidUiautomator2Driver@164a (48a4102c)]&amp#27;[0m socket hang up
&amp#27;[38;5;32m[AndroidUiautomator2Driver@164a (48a4102c)]&amp#27;[0m Matched '/status' to command name 'getStatus'
&amp#27;[38;5;32m[AndroidUiautomator2Driver@164a (48a4102c)]&amp#27;[0m Proxying [GET /status] to [GET http://127.0.0.1:8200/status] with no body
&amp#27;[38;5;32m[AndroidUiautomator2Driver@164a (48a4102c)]&amp#27;[0m socket hang up
&amp#27;[38;5;32m[AndroidUiautomator2Driver@164a (48a4102c)]&amp#27;[0m Matched '/status' to command name 'getStatus'
&amp#27;[38;5;32m[AndroidUiautomator2Driver@164a (48a4102c)]&amp#27;[0m Proxying [GET /status] to [GET http://127.0.0.1:8200/status] with no body
&amp#27;[38;5;32m[AndroidUiautomator2Driver@164a (48a4102c)]&amp#27;[0m socket hang up
&amp#27;[38;5;32m[AndroidUiautomator2Driver@164a (48a4102c)]&amp#27;[0m Matched '/status' to command name 'getStatus'
&amp#27;[38;5;32m[AndroidUiautomator2Driver@164a (48a4102c)]&amp#27;[0m Proxying [GET /status] to [GET http://127.0.0.1:8200/status] with no body
&amp#27;[38;5;32m[AndroidUiautomator2Driver@164a (48a4102c)]&amp#27;[0m socket hang up
&amp#27;[38;5;32m[AndroidUiautomator2Driver@164a (48a4102c)]&amp#27;[0m Matched '/status' to command name 'getStatus'
&amp#27;[38;5;32m[AndroidUiautomator2Driver@164a (48a4102c)]&amp#27;[0m Proxying [GET /status] to [GET http://127.0.0.1:8200/status] with no body
&amp#27;[38;5;32m[AndroidUiautomator2Driver@164a (48a4102c)]&amp#27;[0m socket hang up
&amp#27;[38;5;32m[AndroidUiautomator2Driver@164a (48a4102c)]&amp#27;[0m Matched '/status' to command name 'getStatus'
&amp#27;[38;5;32m[AndroidUiautomator2Driver@164a (48a4102c)]&amp#27;[0m Proxying [GET /status] to [GET http://127.0.0.1:8200/status] with no body
&amp#27;[38;5;32m[AndroidUiautomator2Driver@164a (48a4102c)]&amp#27;[0m socket hang up
&amp#27;[38;5;32m[AndroidUiautomator2Driver@164a (48a4102c)]&amp#27;[0m Matched '/status' to command name 'getStatus'
&amp#27;[38;5;32m[AndroidUiautomator2Driver@164a (48a4102c)]&amp#27;[0m Proxying [GET /status] to [GET http://127.0.0.1:8200/status] with no body
&amp#27;[38;5;32m[AndroidUiautomator2Driver@164a (48a4102c)]&amp#27;[0m socket hang up
&amp#27;[38;5;96m[Instrumentation]&amp#27;[0m io.appium.uiautomator2.server.test.AppiumUiAutomator2Server:
&amp#27;[38;5;32m[AndroidUiautomator2Driver@164a (48a4102c)]&amp#27;[0m Matched '/status' to command name 'getStatus'
&amp#27;[38;5;32m[AndroidUiautomator2Driver@164a (48a4102c)]&amp#27;[0m Proxying [GET /status] to [GET http://127.0.0.1:8200/status] with no body
&amp#27;[38;5;32m[AndroidUiautomator2Driver@164a (48a4102c)]&amp#27;[0m socket hang up
&amp#27;[38;5;32m[AndroidUiautomator2Driver@164a (48a4102c)]&amp#27;[0m Matched '/status' to command name 'getStatus'
&amp#27;[38;5;32m[AndroidUiautomator2Driver@164a (48a4102c)]&amp#27;[0m Proxying [GET /status] to [GET http://127.0.0.1:8200/status] with no body
&amp#27;[38;5;32m[AndroidUiautomator2Driver@164a (48a4102c)]&amp#27;[0m Got response with status 200: {"sessionId":"None","value":{"message":"UiAutomator2 Server is ready to accept commands","ready":true}}
&amp#27;[38;5;32m[AndroidUiautomator2Driver@164a (48a4102c)]&amp#27;[0m The initialization of the instrumentation process took 8358ms
&amp#27;[38;5;32m[AndroidUiautomator2Driver@164a (48a4102c)]&amp#27;[0m Matched '/session' to command name 'createSession'
&amp#27;[38;5;32m[AndroidUiautomator2Driver@164a (48a4102c)]&amp#27;[0m Proxying [POST /session] to [POST http://127.0.0.1:8200/session] with body: {"capabilities":{"firstMatch":[{"platformName":"ANDROID","automationName":"UIAutomator2","deviceName":"emulator-5554","app":"D:\\Projects\\AppiumPageObject\\src\\test\\java\\resources\\General-Store.apk","platform":"LINUX","webStorageEnabled":false,"takesScreenshot":true,"javascriptEnabled":true,"databaseEnabled":false,"networkConnectionEnabled":true,"locationContextEnabled":false,"warnings":{},"desired":{"platformName":"ANDROID","automationName":"UIAutomator2","deviceName":"Kharchenko_Pixel 7 API 34","app":"D:\\Projects\\AppiumPageObject\\src\\test\\java\\resources\\General-Store.apk"},"deviceUDID":"emulator-5554","appPackage":"com.androidsample.generalstore"}],"alwaysMatch":{}}}
&amp#27;[38;5;32m[AndroidUiautomator2Driver@164a (48a4102c)]&amp#27;[0m Got response with status 200: {"sessionId":"a3aa8345-253b-4d06-b85f-9a0747812ef5","value":{"capabilities":{"firstMatch":[{"platformName":"ANDROID","automationName":"UIAutomator2","deviceName":"emulator-5554","app":"D:\\Projects\\AppiumPageObject\\src\\test\\java\\resources\\General-Store.apk","platform":"LINUX","webStorageEnabled":false,"takesScreenshot":true,"javascriptEnabled":true,"databaseEnabled":false,"networkConnectionEnabled":true,"locationContextEnabled":false,"warnings":{},"desired":{"platformName":"ANDROID","automationName":"UIAutomator2","deviceName":"Kharchenko_Pixel 7 API 34","app":"D:\\Projects\\AppiumPageObject\\src\\test\\java\\resources\\General-Store.apk"},"deviceUDID":"emulator-5554","appPackage":"com.androidsample.generalstore"}],"alwaysMatch":{}},"sessionId":"a3aa8345-253b-4d06-b85f-9a0747812ef5"}}
&amp#27;[38;5;32m[AndroidUiautomator2Driver@164a (48a4102c)]&amp#27;[0m Determined the downstream protocol as 'W3C'
&amp#27;[38;5;32m[AndroidUiautomator2Driver@164a (48a4102c)]&amp#27;[0m Proxying [GET /appium/device/pixel_ratio] to [GET http://127.0.0.1:8200/session/a3aa8345-253b-4d06-b85f-9a0747812ef5/appium/device/pixel_ratio] with no body
&amp#27;[38;5;32m[AndroidUiautomator2Driver@164a (48a4102c)]&amp#27;[0m Matched '/appium/device/system_bars' to command name 'getSystemBars'
&amp#27;[38;5;32m[AndroidUiautomator2Driver@164a (48a4102c)]&amp#27;[0m Proxying [GET /appium/device/system_bars] to [GET http://127.0.0.1:8200/session/a3aa8345-253b-4d06-b85f-9a0747812ef5/appium/device/system_bars] with no body
&amp#27;[38;5;32m[AndroidUiautomator2Driver@164a (48a4102c)]&amp#27;[0m Matched '/window/current/size' to command name 'getWindowSize'
&amp#27;[38;5;32m[AndroidUiautomator2Driver@164a (48a4102c)]&amp#27;[0m Proxying [GET /window/current/size] to [GET http://127.0.0.1:8200/session/a3aa8345-253b-4d06-b85f-9a0747812ef5/window/current/size] with no body
&amp#27;[38;5;32m[AndroidUiautomator2Driver@164a (48a4102c)]&amp#27;[0m Proxying [GET /appium/device/info] to [GET http://127.0.0.1:8200/session/a3aa8345-253b-4d06-b85f-9a0747812ef5/appium/device/info] with no body
&amp#27;[38;5;48m[ADB]&amp#27;[0m Running 'C:\Users\alex8_green\AppData\Local\Android\Sdk\platform-tools\adb.exe -P 5037 -s emulator-5554 shell dumpsys window'
&amp#27;[38;5;32m[AndroidUiautomator2Driver@164a (48a4102c)]&amp#27;[0m Got response with status 200: {"sessionId":"a3aa8345-253b-4d06-b85f-9a0747812ef5","value":2.625}
&amp#27;[38;5;32m[AndroidUiautomator2Driver@164a (48a4102c)]&amp#27;[0m Got response with status 200: {"sessionId":"a3aa8345-253b-4d06-b85f-9a0747812ef5","value":{"statusBar":136}}
&amp#27;[38;5;32m[AndroidUiautomator2Driver@164a (48a4102c)]&amp#27;[0m Got response with status 200: {"sessionId":"a3aa8345-253b-4d06-b85f-9a0747812ef5","value":{"height":2400,"width":1080}}
&amp#27;[38;5;32m[AndroidUiautomator2Driver@164a (48a4102c)]&amp#27;[0m Got response with status 200: {"sessionId":"a3aa8345-253b-4d06-b85f-9a0747812ef5","value":{"androidId":"2d73b76566bde64d","apiVersion":"34","bluetooth":{"state":"ON"},"brand":"google","carrierName":"T-Mobile","displayDensity":420,"locale":"en_US","manufacturer":"Google","model":"sdk_gphone64_x86_64","networks":[{"capabilities":{"SSID":null,"linkDownBandwidthKbps":4300,"linkUpstreamBandwidthKbps":1800,"networkCapabilities":"NET_CAPABILITY_MMS,NET_CAPABILITY_SUPL,NET_CAPABILITY_DUN,NET_CAPABILITY_FOTA,NET_CAPABILITY_IMS,NET_CAPABILITY_CBS,NET_CAPABILITY_INTERNET,NET_CAPABILITY_NOT_RESTRICTED,NET_CAPABILITY_TRUSTED,NET_CAPABILITY_NOT_VPN,NET_CAPABILITY_VALIDATED,NET_CAPABILITY_NOT_ROAMING,NET_CAPABILITY_NOT_CONGESTED,NET_CAPABILITY_NOT_SUSPENDED","signalStrength":-2147483648,"transportTypes":"TRANSPORT_CELLULAR"},"detailedState":"CONNECTED","extraInfo":"epc.tmobile.com","isAvailable":true,"isConnected":true,"isFailover":false,"isRoaming":false,"state":"CONNECTED","subtype":10,"subtypeName":"HSPA","type":0,"typeName":"MOBILE"},{"capabiliti...
&amp#27;[38;5;32m[AndroidUiautomator2Driver@164a (48a4102c)]&amp#27;[0m Screen already unlocked, doing nothing
&amp#27;[38;5;32m[AndroidUiautomator2Driver@164a (48a4102c)]&amp#27;[0m Starting 'com.androidsample.generalstore/com.androidsample.generalstore.SplashActivity and waiting for 'com.androidsample.generalstore/com.androidsample.generalstore.SplashActivity'
&amp#27;[38;5;48m[ADB]&amp#27;[0m Running 'C:\Users\alex8_green\AppData\Local\Android\Sdk\platform-tools\adb.exe -P 5037 -s emulator-5554 shell am start -W -n com.androidsample.generalstore/com.androidsample.generalstore.SplashActivity -S -a android.intent.action.MAIN -c android.intent.category.LAUNCHER -f 0x10200000'
&amp#27;[38;5;48m[ADB]&amp#27;[0m Waiting up to 20000ms for activity matching pkg: 'com.androidsample.generalstore' and activity: 'com.androidsample.generalstore.SplashActivity' to be focused
&amp#27;[38;5;48m[ADB]&amp#27;[0m Possible activities, to be checked: 'com.androidsample.generalstore.SplashActivity', 'com.androidsample.generalstore.com.androidsample.generalstore.SplashActivity'
&amp#27;[38;5;48m[ADB]&amp#27;[0m Getting focused package and activity
&amp#27;[38;5;48m[ADB]&amp#27;[0m Running 'C:\Users\alex8_green\AppData\Local\Android\Sdk\platform-tools\adb.exe -P 5037 -s emulator-5554 shell dumpsys window displays'
&amp#27;[38;5;48m[ADB]&amp#27;[0m Found package: 'com.androidsample.generalstore' and fully qualified activity name : 'com.androidsample.generalstore.SplashActivity'
&amp#27;[38;5;16m[AppiumDriver@e4c8]&amp#27;[0m New AndroidUiautomator2Driver session created successfully, session 48a4102c-445f-4a42-b3f3-407546bbd0a5 added to master session list
&amp#27;[38;5;16m[AppiumDriver@e4c8]&amp#27;[0m Event 'newSessionStarted' logged at 1712670866903 (16:54:26 GMT+0300 (Р’РѕСЃС‚РѕС‡РЅР°СЏ Р•РІСЂРѕРїР°, Р»РµС‚РЅРµРµ РІСЂРµРјСЏ))
&amp#27;[38;5;32m[AndroidUiautomator2Driver@164a (48a4102c)]&amp#27;[0m Cached the protocol value 'W3C' for the new session 48a4102c-445f-4a42-b3f3-407546bbd0a5
&amp#27;[38;5;32m[AndroidUiautomator2Driver@164a (48a4102c)]&amp#27;[0m Responding to client with driver.createSession() result: {"capabilities":{"platformName":"ANDROID","automationName":"UIAutomator2","deviceName":"emulator-5554","app":"D:\\Projects\\AppiumPageObject\\src\\test\\java\\resources\\General-Store.apk","platform":"LINUX","webStorageEnabled":false,"takesScreenshot":true,"javascriptEnabled":true,"databaseEnabled":false,"networkConnectionEnabled":true,"locationContextEnabled":false,"warnings":{},"desired":{"platformName":"ANDROID","automationName":"UIAutomator2","deviceName":"Kharchenko_Pixel 7 API 34","app":"D:\\Projects\\AppiumPageObject\\src\\test\\java\\resources\\General-Store.apk"},"deviceUDID":"emulator-5554","appPackage":"com.androidsample.generalstore","pixelRatio":"2.625","statBarHeight":136,"viewportRect":{"left":0,"top":136,"width":1080,"height":2264},"deviceApiLevel":34,"platformVersion":"14","deviceManufacturer":"Google","deviceModel":"sdk_gphone64_x86_64","deviceScreenSize":"1080x2400","deviceScreenDensity":420}}
&amp#27;[38;5;0m[HTTP]&amp#27;[0m &amp#27;[37m<-- POST /session &amp#27;[39m&amp#27;[32m200&amp#27;[39m &amp#27;[90m14251 ms - 986&amp#27;[39m
&amp#27;[38;5;0m[HTTP]&amp#27;[0m &amp#27;[90m&amp#27;[39m
&amp#27;[38;5;0m[HTTP]&amp#27;[0m &amp#27;[37m-->&amp#27;[39m &amp#27;[37mPOST&amp#27;[39m &amp#27;[37m/session/48a4102c-445f-4a42-b3f3-407546bbd0a5/timeouts&amp#27;[39m
&amp#27;[38;5;0m[HTTP]&amp#27;[0m &amp#27;[90m{"implicit":10000}&amp#27;[39m
&amp#27;[38;5;32m[AndroidUiautomator2Driver@164a (48a4102c)]&amp#27;[0m Calling AppiumDriver.timeouts() with args: [null,null,null,null,10000,"48a4102c-445f-4a42-b3f3-407546bbd0a5"]
&amp#27;[38;5;32m[AndroidUiautomator2Driver@164a (48a4102c)]&amp#27;[0m W3C timeout argument: {"implicit":10000}}
&amp#27;[38;5;32m[AndroidUiautomator2Driver@164a (48a4102c)]&amp#27;[0m Set implicit wait to 10000ms
&amp#27;[38;5;32m[AndroidUiautomator2Driver@164a (48a4102c)]&amp#27;[0m Responding to client with driver.timeouts() result: null
&amp#27;[38;5;0m[HTTP]&amp#27;[0m &amp#27;[37m<-- POST /session/48a4102c-445f-4a42-b3f3-407546bbd0a5/timeouts &amp#27;[39m&amp#27;[32m200&amp#27;[39m &amp#27;[90m3 ms - 14&amp#27;[39m
&amp#27;[38;5;0m[HTTP]&amp#27;[0m &amp#27;[90m&amp#27;[39m
&amp#27;[38;5;0m[HTTP]&amp#27;[0m &amp#27;[37m-->&amp#27;[39m &amp#27;[37mPOST&amp#27;[39m &amp#27;[37m/session/48a4102c-445f-4a42-b3f3-407546bbd0a5/execute/sync&amp#27;[39m
&amp#27;[38;5;0m[HTTP]&amp#27;[0m &amp#27;[90m{"args":[{"intent":"com.androidsample.generalstore/com.androidsample.generalstore.SplashActivity"}],"script":"mobile: startActivity"}&amp#27;[39m
&amp#27;[38;5;32m[AndroidUiautomator2Driver@164a (48a4102c)]&amp#27;[0m Calling AppiumDriver.execute() with args: ["mobile: startActivity",[{"intent":"com.androidsample.generalstore/com.androidsample.generalstore.SplashActivity"}],"48a4102c-445f-4a42-b3f3-407546bbd0a5"]
&amp#27;[38;5;32m[AndroidUiautomator2Driver@164a (48a4102c)]&amp#27;[0m Executing method 'mobile: startActivity'
&amp#27;[38;5;48m[ADB]&amp#27;[0m Running 'C:\Users\alex8_green\AppData\Local\Android\Sdk\platform-tools\adb.exe -P 5037 -s emulator-5554 shell am start-activity com.androidsample.generalstore/com.androidsample.generalstore.SplashActivity'
&amp#27;[38;5;32m[AndroidUiautomator2Driver@164a (48a4102c)]&amp#27;[0m Responding to client with driver.execute() result: "Starting: Intent { act=android.intent.action.MAIN cat=[android.intent.category.LAUNCHER] cmp=com.androidsample.generalstore/.SplashActivity }"
&amp#27;[38;5;0m[HTTP]&amp#27;[0m &amp#27;[37m<-- POST /session/48a4102c-445f-4a42-b3f3-407546bbd0a5/execute/sync &amp#27;[39m&amp#27;[32m200&amp#27;[39m &amp#27;[90m257 ms - 153&amp#27;[39m
&amp#27;[38;5;0m[HTTP]&amp#27;[0m &amp#27;[90m&amp#27;[39m
&amp#27;[38;5;0m[HTTP]&amp#27;[0m &amp#27;[37m-->&amp#27;[39m &amp#27;[37mGET&amp#27;[39m &amp#27;[37m/session/48a4102c-445f-4a42-b3f3-407546bbd0a5/context&amp#27;[39m
&amp#27;[38;5;0m[HTTP]&amp#27;[0m &amp#27;[90m{}&amp#27;[39m
&amp#27;[38;5;32m[AndroidUiautomator2Driver@164a (48a4102c)]&amp#27;[0m Calling AppiumDriver.getCurrentContext() with args: ["48a4102c-445f-4a42-b3f3-407546bbd0a5"]
&amp#27;[38;5;32m[AndroidUiautomator2Driver@164a (48a4102c)]&amp#27;[0m Responding to client with driver.getCurrentContext() result: "NATIVE_APP"
&amp#27;[38;5;0m[HTTP]&amp#27;[0m &amp#27;[37m<-- GET /session/48a4102c-445f-4a42-b3f3-407546bbd0a5/context &amp#27;[39m&amp#27;[32m200&amp#27;[39m &amp#27;[90m6 ms - 22&amp#27;[39m
&amp#27;[38;5;0m[HTTP]&amp#27;[0m &amp#27;[90m&amp#27;[39m
&amp#27;[38;5;0m[HTTP]&amp#27;[0m &amp#27;[37m-->&amp#27;[39m &amp#27;[37mPOST&amp#27;[39m &amp#27;[37m/session/48a4102c-445f-4a42-b3f3-407546bbd0a5/element&amp#27;[39m
&amp#27;[38;5;0m[HTTP]&amp#27;[0m &amp#27;[90m{"value":"com.androidsample.generalstore:id/nameField","using":"id"}&amp#27;[39m
&amp#27;[38;5;32m[AndroidUiautomator2Driver@164a (48a4102c)]&amp#27;[0m Calling AppiumDriver.findElement() with args: ["id","com.androidsample.generalstore:id/nameField","48a4102c-445f-4a42-b3f3-407546bbd0a5"]
&amp#27;[38;5;32m[AndroidUiautomator2Driver@164a (48a4102c)]&amp#27;[0m Valid locator strategies for this request: xpath, id, class name, accessibility id, css selector, -android uiautomator
&amp#27;[38;5;32m[AndroidUiautomator2Driver@164a (48a4102c)]&amp#27;[0m Waiting up to 10000 ms for condition
&amp#27;[38;5;32m[AndroidUiautomator2Driver@164a (48a4102c)]&amp#27;[0m Matched '/element' to command name 'findElement'
&amp#27;[38;5;32m[AndroidUiautomator2Driver@164a (48a4102c)]&amp#27;[0m Proxying [POST /element] to [POST http://127.0.0.1:8200/session/a3aa8345-253b-4d06-b85f-9a0747812ef5/element] with body: {"strategy":"id","selector":"com.androidsample.generalstore:id/nameField","context":"","multiple":false}
&amp#27;[38;5;32m[AndroidUiautomator2Driver@164a (48a4102c)]&amp#27;[0m Got response with status 404: {"sessionId":"a3aa8345-253b-4d06-b85f-9a0747812ef5","value":{"error":"no such element","message":"An element could not be located on the page using the given search parameters","stacktrace":"io.appium.uiautomator2.common.exceptions.ElementNotFoundException: An element could not be located on the page using the given search parameters\n\tat io.appium.uiautomator2.handler.FindElement.safeHandle(FindElement.java:63)\n\tat io.appium.uiautomator2.handler.request.SafeRequestHandler.handle(SafeRequestHandler.java:59)\n\tat io.appium.uiautomator2.server.AppiumServlet.handleRequest(AppiumServlet.java:259)\n\tat io.appium.uiautomator2.server.AppiumServlet.handleHttpRequest(AppiumServlet.java:253)\n\tat io.appium.uiautomator2.http.ServerHandler.channelRead(ServerHandler.java:77)\n\tat io.netty.channel.AbstractChannelHandlerContext.invokeChannelRead(AbstractChannelHandlerContext.java:366)\n\tat io.netty.channel.AbstractChannelHandlerContext.invokeChannelRead(AbstractChannelHandlerContext.java:352)\n\tat io.netty.chann...
&amp#27;[38;5;112m[W3C]&amp#27;[0m Matched W3C error code 'no such element' to NoSuchElementError
&amp#27;[38;5;32m[AndroidUiautomator2Driver@164a (48a4102c)]&amp#27;[0m Waited for 132 ms so far
&amp#27;[38;5;32m[AndroidUiautomator2Driver@164a (48a4102c)]&amp#27;[0m Matched '/element' to command name 'findElement'
&amp#27;[38;5;32m[AndroidUiautomator2Driver@164a (48a4102c)]&amp#27;[0m Proxying [POST /element] to [POST http://127.0.0.1:8200/session/a3aa8345-253b-4d06-b85f-9a0747812ef5/element] with body: {"strategy":"id","selector":"com.androidsample.generalstore:id/nameField","context":"","multiple":false}
&amp#27;[38;5;32m[AndroidUiautomator2Driver@164a (48a4102c)]&amp#27;[0m Got response with status 404: {"sessionId":"a3aa8345-253b-4d06-b85f-9a0747812ef5","value":{"error":"no such element","message":"An element could not be located on the page using the given search parameters","stacktrace":"io.appium.uiautomator2.common.exceptions.ElementNotFoundException: An element could not be located on the page using the given search parameters\n\tat io.appium.uiautomator2.handler.FindElement.safeHandle(FindElement.java:63)\n\tat io.appium.uiautomator2.handler.request.SafeRequestHandler.handle(SafeRequestHandler.java:59)\n\tat io.appium.uiautomator2.server.AppiumServlet.handleRequest(AppiumServlet.java:259)\n\tat io.appium.uiautomator2.server.AppiumServlet.handleHttpRequest(AppiumServlet.java:253)\n\tat io.appium.uiautomator2.http.ServerHandler.channelRead(ServerHandler.java:77)\n\tat io.netty.channel.AbstractChannelHandlerContext.invokeChannelRead(AbstractChannelHandlerContext.java:366)\n\tat io.netty.channel.AbstractChannelHandlerContext.invokeChannelRead(AbstractChannelHandlerContext.java:352)\n\tat io.netty.chann...
&amp#27;[38;5;112m[W3C]&amp#27;[0m Matched W3C error code 'no such element' to NoSuchElementError
&amp#27;[38;5;32m[AndroidUiautomator2Driver@164a (48a4102c)]&amp#27;[0m Waited for 668 ms so far
&amp#27;[38;5;32m[AndroidUiautomator2Driver@164a (48a4102c)]&amp#27;[0m Matched '/element' to command name 'findElement'
&amp#27;[38;5;32m[AndroidUiautomator2Driver@164a (48a4102c)]&amp#27;[0m Proxying [POST /element] to [POST http://127.0.0.1:8200/session/a3aa8345-253b-4d06-b85f-9a0747812ef5/element] with body: {"strategy":"id","selector":"com.androidsample.generalstore:id/nameField","context":"","multiple":false}
&amp#27;[38;5;32m[AndroidUiautomator2Driver@164a (48a4102c)]&amp#27;[0m Got response with status 404: {"sessionId":"a3aa8345-253b-4d06-b85f-9a0747812ef5","value":{"error":"no such element","message":"An element could not be located on the page using the given search parameters","stacktrace":"io.appium.uiautomator2.common.exceptions.ElementNotFoundException: An element could not be located on the page using the given search parameters\n\tat io.appium.uiautomator2.handler.FindElement.safeHandle(FindElement.java:63)\n\tat io.appium.uiautomator2.handler.request.SafeRequestHandler.handle(SafeRequestHandler.java:59)\n\tat io.appium.uiautomator2.server.AppiumServlet.handleRequest(AppiumServlet.java:259)\n\tat io.appium.uiautomator2.server.AppiumServlet.handleHttpRequest(AppiumServlet.java:253)\n\tat io.appium.uiautomator2.http.ServerHandler.channelRead(ServerHandler.java:77)\n\tat io.netty.channel.AbstractChannelHandlerContext.invokeChannelRead(AbstractChannelHandlerContext.java:366)\n\tat io.netty.channel.AbstractChannelHandlerContext.invokeChannelRead(AbstractChannelHandlerContext.java:352)\n\tat io.netty.chann...
&amp#27;[38;5;112m[W3C]&amp#27;[0m Matched W3C error code 'no such element' to NoSuchElementError
&amp#27;[38;5;32m[AndroidUiautomator2Driver@164a (48a4102c)]&amp#27;[0m Waited for 1660 ms so far
&amp#27;[38;5;32m[AndroidUiautomator2Driver@164a (48a4102c)]&amp#27;[0m Matched '/element' to command name 'findElement'
&amp#27;[38;5;32m[AndroidUiautomator2Driver@164a (48a4102c)]&amp#27;[0m Proxying [POST /element] to [POST http://127.0.0.1:8200/session/a3aa8345-253b-4d06-b85f-9a0747812ef5/element] with body: {"strategy":"id","selector":"com.androidsample.generalstore:id/nameField","context":"","multiple":false}
&amp#27;[38;5;32m[AndroidUiautomator2Driver@164a (48a4102c)]&amp#27;[0m Got response with status 200: {"sessionId":"a3aa8345-253b-4d06-b85f-9a0747812ef5","value":{"ELEMENT":"00000000-0000-0103-ffff-ffff0000001c","element-6066-11e4-a52e-4f735466cecf":"00000000-0000-0103-ffff-ffff0000001c"}}
&amp#27;[38;5;32m[AndroidUiautomator2Driver@164a (48a4102c)]&amp#27;[0m Responding to client with driver.findElement() result: {"element-6066-11e4-a52e-4f735466cecf":"00000000-0000-0103-ffff-ffff0000001c","ELEMENT":"00000000-0000-0103-ffff-ffff0000001c"}
&amp#27;[38;5;0m[HTTP]&amp#27;[0m &amp#27;[37m<-- POST /session/48a4102c-445f-4a42-b3f3-407546bbd0a5/element &amp#27;[39m&amp#27;[32m200&amp#27;[39m &amp#27;[90m2929 ms - 137&amp#27;[39m
&amp#27;[38;5;0m[HTTP]&amp#27;[0m &amp#27;[90m&amp#27;[39m
&amp#27;[38;5;0m[HTTP]&amp#27;[0m &amp#27;[37m-->&amp#27;[39m &amp#27;[37mPOST&amp#27;[39m &amp#27;[37m/session/48a4102c-445f-4a42-b3f3-407546bbd0a5/element/00000000-0000-0103-ffff-ffff0000001c/value&amp#27;[39m
&amp#27;[38;5;0m[HTTP]&amp#27;[0m &amp#27;[90m{"text":"Rahul Shetty","value":["R","a","h","u","l"," ","S","h","e","t","t","y"],"id":"00000000-0000-0103-ffff-ffff0000001c"}&amp#27;[39m
&amp#27;[38;5;32m[AndroidUiautomator2Driver@164a (48a4102c)]&amp#27;[0m Calling AppiumDriver.setValue() with args: [["R","a","h","u","l"," ","S","h","e","t","t","y"],"00000000-0000-0103-ffff-ffff0000001c","48a4102c-445f-4a42-b3f3-407546bbd0a5"]
&amp#27;[38;5;32m[AndroidUiautomator2Driver@164a (48a4102c)]&amp#27;[0m Matched '/element/00000000-0000-0103-ffff-ffff0000001c/value' to command name 'setValue'
&amp#27;[38;5;32m[AndroidUiautomator2Driver@164a (48a4102c)]&amp#27;[0m Added 'value' property ["R","a","h","u","l"," ","S","h","e","t","t","y"] to 'setValue' request body
&amp#27;[38;5;32m[AndroidUiautomator2Driver@164a (48a4102c)]&amp#27;[0m Proxying [POST /element/00000000-0000-0103-ffff-ffff0000001c/value] to [POST http://127.0.0.1:8200/session/a3aa8345-253b-4d06-b85f-9a0747812ef5/element/00000000-0000-0103-ffff-ffff0000001c/value] with body: {"elementId":"00000000-0000-0103-ffff-ffff0000001c","text":"Rahul Shetty","replace":false,"value":["R","a","h","u","l"," ","S","h","e","t","t","y"]}
&amp#27;[38;5;32m[AndroidUiautomator2Driver@164a (48a4102c)]&amp#27;[0m Got response with status 200: {"sessionId":"a3aa8345-253b-4d06-b85f-9a0747812ef5","value":null}
&amp#27;[38;5;32m[AndroidUiautomator2Driver@164a (48a4102c)]&amp#27;[0m Responding to client with driver.setValue() result: null
&amp#27;[38;5;0m[HTTP]&amp#27;[0m &amp#27;[37m<-- POST /session/48a4102c-445f-4a42-b3f3-407546bbd0a5/element/00000000-0000-0103-ffff-ffff0000001c/value &amp#27;[39m&amp#27;[32m200&amp#27;[39m &amp#27;[90m590 ms - 14&amp#27;[39m
&amp#27;[38;5;0m[HTTP]&amp#27;[0m &amp#27;[90m&amp#27;[39m
&amp#27;[38;5;0m[HTTP]&amp#27;[0m &amp#27;[37m-->&amp#27;[39m &amp#27;[37mPOST&amp#27;[39m &amp#27;[37m/session/48a4102c-445f-4a42-b3f3-407546bbd0a5/execute/sync&amp#27;[39m
&amp#27;[38;5;0m[HTTP]&amp#27;[0m &amp#27;[90m{"args":[],"script":"mobile: hideKeyboard"}&amp#27;[39m
&amp#27;[38;5;32m[AndroidUiautomator2Driver@164a (48a4102c)]&amp#27;[0m Calling AppiumDriver.execute() with args: ["mobile: hideKeyboard",[],"48a4102c-445f-4a42-b3f3-407546bbd0a5"]
&amp#27;[38;5;32m[AndroidUiautomator2Driver@164a (48a4102c)]&amp#27;[0m Executing method 'mobile: hideKeyboard'
&amp#27;[38;5;48m[ADB]&amp#27;[0m Running 'C:\Users\alex8_green\AppData\Local\Android\Sdk\platform-tools\adb.exe -P 5037 -s emulator-5554 shell dumpsys input_method'
&amp#27;[38;5;48m[ADB]&amp#27;[0m Keyboard has no UI; no closing necessary
&amp#27;[38;5;32m[AndroidUiautomator2Driver@164a (48a4102c)]&amp#27;[0m Responding to client with driver.execute() result: false
&amp#27;[38;5;0m[HTTP]&amp#27;[0m &amp#27;[37m<-- POST /session/48a4102c-445f-4a42-b3f3-407546bbd0a5/execute/sync &amp#27;[39m&amp#27;[32m200&amp#27;[39m &amp#27;[90m306 ms - 15&amp#27;[39m
&amp#27;[38;5;0m[HTTP]&amp#27;[0m &amp#27;[90m&amp#27;[39m
&amp#27;[38;5;0m[HTTP]&amp#27;[0m &amp#27;[37m-->&amp#27;[39m &amp#27;[37mGET&amp#27;[39m &amp#27;[37m/session/48a4102c-445f-4a42-b3f3-407546bbd0a5/context&amp#27;[39m
&amp#27;[38;5;0m[HTTP]&amp#27;[0m &amp#27;[90m{}&amp#27;[39m
&amp#27;[38;5;32m[AndroidUiautomator2Driver@164a (48a4102c)]&amp#27;[0m Calling AppiumDriver.getCurrentContext() with args: ["48a4102c-445f-4a42-b3f3-407546bbd0a5"]
&amp#27;[38;5;32m[AndroidUiautomator2Driver@164a (48a4102c)]&amp#27;[0m Responding to client with driver.getCurrentContext() result: "NATIVE_APP"
&amp#27;[38;5;0m[HTTP]&amp#27;[0m &amp#27;[37m<-- GET /session/48a4102c-445f-4a42-b3f3-407546bbd0a5/context &amp#27;[39m&amp#27;[32m200&amp#27;[39m &amp#27;[90m1 ms - 22&amp#27;[39m
&amp#27;[38;5;0m[HTTP]&amp#27;[0m &amp#27;[90m&amp#27;[39m
&amp#27;[38;5;0m[HTTP]&amp#27;[0m &amp#27;[37m-->&amp#27;[39m &amp#27;[37mPOST&amp#27;[39m &amp#27;[37m/session/48a4102c-445f-4a42-b3f3-407546bbd0a5/element&amp#27;[39m
&amp#27;[38;5;0m[HTTP]&amp#27;[0m &amp#27;[90m{"value":"//android.widget.RadioButton[@text='Female']","using":"xpath"}&amp#27;[39m
&amp#27;[38;5;32m[AndroidUiautomator2Driver@164a (48a4102c)]&amp#27;[0m Calling AppiumDriver.findElement() with args: ["xpath","//android.widget.RadioButton[@text='Female']","48a4102c-445f-4a42-b3f3-407546bbd0a5"]
&amp#27;[38;5;32m[AndroidUiautomator2Driver@164a (48a4102c)]&amp#27;[0m Valid locator strategies for this request: xpath, id, class name, accessibility id, css selector, -android uiautomator
&amp#27;[38;5;32m[AndroidUiautomator2Driver@164a (48a4102c)]&amp#27;[0m Waiting up to 10000 ms for condition
&amp#27;[38;5;32m[AndroidUiautomator2Driver@164a (48a4102c)]&amp#27;[0m Matched '/element' to command name 'findElement'
&amp#27;[38;5;32m[AndroidUiautomator2Driver@164a (48a4102c)]&amp#27;[0m Proxying [POST /element] to [POST http://127.0.0.1:8200/session/a3aa8345-253b-4d06-b85f-9a0747812ef5/element] with body: {"strategy":"xpath","selector":"//android.widget.RadioButton[@text='Female']","context":"","multiple":false}
&amp#27;[38;5;32m[AndroidUiautomator2Driver@164a (48a4102c)]&amp#27;[0m Got response with status 200: {"sessionId":"a3aa8345-253b-4d06-b85f-9a0747812ef5","value":{"ELEMENT":"00000000-0000-0103-ffff-ffff00000020","element-6066-11e4-a52e-4f735466cecf":"00000000-0000-0103-ffff-ffff00000020"}}
&amp#27;[38;5;32m[AndroidUiautomator2Driver@164a (48a4102c)]&amp#27;[0m Responding to client with driver.findElement() result: {"element-6066-11e4-a52e-4f735466cecf":"00000000-0000-0103-ffff-ffff00000020","ELEMENT":"00000000-0000-0103-ffff-ffff00000020"}
&amp#27;[38;5;0m[HTTP]&amp#27;[0m &amp#27;[37m<-- POST /session/48a4102c-445f-4a42-b3f3-407546bbd0a5/element &amp#27;[39m&amp#27;[32m200&amp#27;[39m &amp#27;[90m1147 ms - 137&amp#27;[39m
&amp#27;[38;5;0m[HTTP]&amp#27;[0m &amp#27;[90m&amp#27;[39m
&amp#27;[38;5;0m[HTTP]&amp#27;[0m &amp#27;[37m-->&amp#27;[39m &amp#27;[37mPOST&amp#27;[39m &amp#27;[37m/session/48a4102c-445f-4a42-b3f3-407546bbd0a5/element/00000000-0000-0103-ffff-ffff00000020/click&amp#27;[39m
&amp#27;[38;5;0m[HTTP]&amp#27;[0m &amp#27;[90m{"id":"00000000-0000-0103-ffff-ffff00000020"}&amp#27;[39m
&amp#27;[38;5;32m[AndroidUiautomator2Driver@164a (48a4102c)]&amp#27;[0m Calling AppiumDriver.click() with args: ["00000000-0000-0103-ffff-ffff00000020","48a4102c-445f-4a42-b3f3-407546bbd0a5"]
&amp#27;[38;5;32m[AndroidUiautomator2Driver@164a (48a4102c)]&amp#27;[0m Matched '/element/00000000-0000-0103-ffff-ffff00000020/click' to command name 'click'
&amp#27;[38;5;32m[AndroidUiautomator2Driver@164a (48a4102c)]&amp#27;[0m Proxying [POST /element/00000000-0000-0103-ffff-ffff00000020/click] to [POST http://127.0.0.1:8200/session/a3aa8345-253b-4d06-b85f-9a0747812ef5/element/00000000-0000-0103-ffff-ffff00000020/click] with body: {"element":"00000000-0000-0103-ffff-ffff00000020"}
&amp#27;[38;5;32m[AndroidUiautomator2Driver@164a (48a4102c)]&amp#27;[0m Got response with status 200: {"sessionId":"a3aa8345-253b-4d06-b85f-9a0747812ef5","value":null}
&amp#27;[38;5;32m[AndroidUiautomator2Driver@164a (48a4102c)]&amp#27;[0m Responding to client with driver.click() result: null
&amp#27;[38;5;0m[HTTP]&amp#27;[0m &amp#27;[37m<-- POST /session/48a4102c-445f-4a42-b3f3-407546bbd0a5/element/00000000-0000-0103-ffff-ffff00000020/click &amp#27;[39m&amp#27;[32m200&amp#27;[39m &amp#27;[90m128 ms - 14&amp#27;[39m
&amp#27;[38;5;0m[HTTP]&amp#27;[0m &amp#27;[90m&amp#27;[39m
&amp#27;[38;5;0m[HTTP]&amp#27;[0m &amp#27;[37m-->&amp#27;[39m &amp#27;[37mGET&amp#27;[39m &amp#27;[37m/session/48a4102c-445f-4a42-b3f3-407546bbd0a5/context&amp#27;[39m
&amp#27;[38;5;0m[HTTP]&amp#27;[0m &amp#27;[90m{}&amp#27;[39m
&amp#27;[38;5;32m[AndroidUiautomator2Driver@164a (48a4102c)]&amp#27;[0m Calling AppiumDriver.getCurrentContext() with args: ["48a4102c-445f-4a42-b3f3-407546bbd0a5"]
&amp#27;[38;5;32m[AndroidUiautomator2Driver@164a (48a4102c)]&amp#27;[0m Responding to client with driver.getCurrentContext() result: "NATIVE_APP"
&amp#27;[38;5;0m[HTTP]&amp#27;[0m &amp#27;[37m<-- GET /session/48a4102c-445f-4a42-b3f3-407546bbd0a5/context &amp#27;[39m&amp#27;[32m200&amp#27;[39m &amp#27;[90m2 ms - 22&amp#27;[39m
&amp#27;[38;5;0m[HTTP]&amp#27;[0m &amp#27;[90m&amp#27;[39m
&amp#27;[38;5;0m[HTTP]&amp#27;[0m &amp#27;[37m-->&amp#27;[39m &amp#27;[37mPOST&amp#27;[39m &amp#27;[37m/session/48a4102c-445f-4a42-b3f3-407546bbd0a5/element&amp#27;[39m
&amp#27;[38;5;0m[HTTP]&amp#27;[0m &amp#27;[90m{"value":"android:id/text1","using":"id"}&amp#27;[39m
&amp#27;[38;5;32m[AndroidUiautomator2Driver@164a (48a4102c)]&amp#27;[0m Calling AppiumDriver.findElement() with args: ["id","android:id/text1","48a4102c-445f-4a42-b3f3-407546bbd0a5"]
&amp#27;[38;5;32m[AndroidUiautomator2Driver@164a (48a4102c)]&amp#27;[0m Valid locator strategies for this request: xpath, id, class name, accessibility id, css selector, -android uiautomator
&amp#27;[38;5;32m[AndroidUiautomator2Driver@164a (48a4102c)]&amp#27;[0m Waiting up to 10000 ms for condition
&amp#27;[38;5;32m[AndroidUiautomator2Driver@164a (48a4102c)]&amp#27;[0m Matched '/element' to command name 'findElement'
&amp#27;[38;5;32m[AndroidUiautomator2Driver@164a (48a4102c)]&amp#27;[0m Proxying [POST /element] to [POST http://127.0.0.1:8200/session/a3aa8345-253b-4d06-b85f-9a0747812ef5/element] with body: {"strategy":"id","selector":"android:id/text1","context":"","multiple":false}
&amp#27;[38;5;32m[AndroidUiautomator2Driver@164a (48a4102c)]&amp#27;[0m Got response with status 200: {"sessionId":"a3aa8345-253b-4d06-b85f-9a0747812ef5","value":{"ELEMENT":"00000000-0000-0103-ffff-ffff00000024","element-6066-11e4-a52e-4f735466cecf":"00000000-0000-0103-ffff-ffff00000024"}}
&amp#27;[38;5;32m[AndroidUiautomator2Driver@164a (48a4102c)]&amp#27;[0m Responding to client with driver.findElement() result: {"element-6066-11e4-a52e-4f735466cecf":"00000000-0000-0103-ffff-ffff00000024","ELEMENT":"00000000-0000-0103-ffff-ffff00000024"}
&amp#27;[38;5;0m[HTTP]&amp#27;[0m &amp#27;[37m<-- POST /session/48a4102c-445f-4a42-b3f3-407546bbd0a5/element &amp#27;[39m&amp#27;[32m200&amp#27;[39m &amp#27;[90m168 ms - 137&amp#27;[39m
&amp#27;[38;5;0m[HTTP]&amp#27;[0m &amp#27;[90m&amp#27;[39m
&amp#27;[38;5;0m[HTTP]&amp#27;[0m &amp#27;[37m-->&amp#27;[39m &amp#27;[37mPOST&amp#27;[39m &amp#27;[37m/session/48a4102c-445f-4a42-b3f3-407546bbd0a5/element/00000000-0000-0103-ffff-ffff00000024/click&amp#27;[39m
&amp#27;[38;5;0m[HTTP]&amp#27;[0m &amp#27;[90m{"id":"00000000-0000-0103-ffff-ffff00000024"}&amp#27;[39m
&amp#27;[38;5;32m[AndroidUiautomator2Driver@164a (48a4102c)]&amp#27;[0m Calling AppiumDriver.click() with args: ["00000000-0000-0103-ffff-ffff00000024","48a4102c-445f-4a42-b3f3-407546bbd0a5"]
&amp#27;[38;5;32m[AndroidUiautomator2Driver@164a (48a4102c)]&amp#27;[0m Matched '/element/00000000-0000-0103-ffff-ffff00000024/click' to command name 'click'
&amp#27;[38;5;32m[AndroidUiautomator2Driver@164a (48a4102c)]&amp#27;[0m Proxying [POST /element/00000000-0000-0103-ffff-ffff00000024/click] to [POST http://127.0.0.1:8200/session/a3aa8345-253b-4d06-b85f-9a0747812ef5/element/00000000-0000-0103-ffff-ffff00000024/click] with body: {"element":"00000000-0000-0103-ffff-ffff00000024"}
&amp#27;[38;5;32m[AndroidUiautomator2Driver@164a (48a4102c)]&amp#27;[0m Got response with status 200: {"sessionId":"a3aa8345-253b-4d06-b85f-9a0747812ef5","value":null}
&amp#27;[38;5;32m[AndroidUiautomator2Driver@164a (48a4102c)]&amp#27;[0m Responding to client with driver.click() result: null
&amp#27;[38;5;0m[HTTP]&amp#27;[0m &amp#27;[37m<-- POST /session/48a4102c-445f-4a42-b3f3-407546bbd0a5/element/00000000-0000-0103-ffff-ffff00000024/click &amp#27;[39m&amp#27;[32m200&amp#27;[39m &amp#27;[90m530 ms - 14&amp#27;[39m
&amp#27;[38;5;0m[HTTP]&amp#27;[0m &amp#27;[90m&amp#27;[39m
&amp#27;[38;5;0m[HTTP]&amp#27;[0m &amp#27;[37m-->&amp#27;[39m &amp#27;[37mPOST&amp#27;[39m &amp#27;[37m/session/48a4102c-445f-4a42-b3f3-407546bbd0a5/element&amp#27;[39m
&amp#27;[38;5;0m[HTTP]&amp#27;[0m &amp#27;[90m{"value":"new UiScrollable(new UiSelector()).scrollIntoView(text(\"Aruba\"));","using":"-android uiautomator"}&amp#27;[39m
&amp#27;[38;5;32m[AndroidUiautomator2Driver@164a (48a4102c)]&amp#27;[0m Calling AppiumDriver.findElement() with args: ["-android uiautomator","new UiScrollable(new UiSelector()).scrollIntoView(text(\"Aruba\"));","48a4102c-445f-4a42-b3f3-407546bbd0a5"]
&amp#27;[38;5;32m[AndroidUiautomator2Driver@164a (48a4102c)]&amp#27;[0m Valid locator strategies for this request: xpath, id, class name, accessibility id, css selector, -android uiautomator
&amp#27;[38;5;32m[AndroidUiautomator2Driver@164a (48a4102c)]&amp#27;[0m Waiting up to 10000 ms for condition
&amp#27;[38;5;32m[AndroidUiautomator2Driver@164a (48a4102c)]&amp#27;[0m Matched '/element' to command name 'findElement'
&amp#27;[38;5;32m[AndroidUiautomator2Driver@164a (48a4102c)]&amp#27;[0m Proxying [POST /element] to [POST http://127.0.0.1:8200/session/a3aa8345-253b-4d06-b85f-9a0747812ef5/element] with body: {"strategy":"-android uiautomator","selector":"new UiScrollable(new UiSelector()).scrollIntoView(text(\"Aruba\"));","context":"","multiple":false}
&amp#27;[38;5;32m[AndroidUiautomator2Driver@164a (48a4102c)]&amp#27;[0m Got response with status 200: {"sessionId":"a3aa8345-253b-4d06-b85f-9a0747812ef5","value":{"ELEMENT":"00000000-0000-0104-ffff-ffff00000029","element-6066-11e4-a52e-4f735466cecf":"00000000-0000-0104-ffff-ffff00000029"}}
&amp#27;[38;5;32m[AndroidUiautomator2Driver@164a (48a4102c)]&amp#27;[0m Responding to client with driver.findElement() result: {"element-6066-11e4-a52e-4f735466cecf":"00000000-0000-0104-ffff-ffff00000029","ELEMENT":"00000000-0000-0104-ffff-ffff00000029"}
&amp#27;[38;5;0m[HTTP]&amp#27;[0m &amp#27;[37m<-- POST /session/48a4102c-445f-4a42-b3f3-407546bbd0a5/element &amp#27;[39m&amp#27;[32m200&amp#27;[39m &amp#27;[90m5432 ms - 137&amp#27;[39m
&amp#27;[38;5;0m[HTTP]&amp#27;[0m &amp#27;[90m&amp#27;[39m
&amp#27;[38;5;0m[HTTP]&amp#27;[0m &amp#27;[37m-->&amp#27;[39m &amp#27;[37mPOST&amp#27;[39m &amp#27;[37m/session/48a4102c-445f-4a42-b3f3-407546bbd0a5/element&amp#27;[39m
&amp#27;[38;5;0m[HTTP]&amp#27;[0m &amp#27;[90m{"value":"//android.widget.TextView[@text=\"Aruba\"]","using":"xpath"}&amp#27;[39m
&amp#27;[38;5;32m[AndroidUiautomator2Driver@164a (48a4102c)]&amp#27;[0m Calling AppiumDriver.findElement() with args: ["xpath","//android.widget.TextView[@text=\"Aruba\"]","48a4102c-445f-4a42-b3f3-407546bbd0a5"]
&amp#27;[38;5;32m[AndroidUiautomator2Driver@164a (48a4102c)]&amp#27;[0m Valid locator strategies for this request: xpath, id, class name, accessibility id, css selector, -android uiautomator
&amp#27;[38;5;32m[AndroidUiautomator2Driver@164a (48a4102c)]&amp#27;[0m Waiting up to 10000 ms for condition
&amp#27;[38;5;32m[AndroidUiautomator2Driver@164a (48a4102c)]&amp#27;[0m Matched '/element' to command name 'findElement'
&amp#27;[38;5;32m[AndroidUiautomator2Driver@164a (48a4102c)]&amp#27;[0m Proxying [POST /element] to [POST http://127.0.0.1:8200/session/a3aa8345-253b-4d06-b85f-9a0747812ef5/element] with body: {"strategy":"xpath","selector":"//android.widget.TextView[@text=\"Aruba\"]","context":"","multiple":false}
&amp#27;[38;5;32m[AndroidUiautomator2Driver@164a (48a4102c)]&amp#27;[0m Got response with status 200: {"sessionId":"a3aa8345-253b-4d06-b85f-9a0747812ef5","value":{"ELEMENT":"00000000-0000-0104-ffff-ffff00000029","element-6066-11e4-a52e-4f735466cecf":"00000000-0000-0104-ffff-ffff00000029"}}
&amp#27;[38;5;32m[AndroidUiautomator2Driver@164a (48a4102c)]&amp#27;[0m Responding to client with driver.findElement() result: {"element-6066-11e4-a52e-4f735466cecf":"00000000-0000-0104-ffff-ffff00000029","ELEMENT":"00000000-0000-0104-ffff-ffff00000029"}
&amp#27;[38;5;0m[HTTP]&amp#27;[0m &amp#27;[37m<-- POST /session/48a4102c-445f-4a42-b3f3-407546bbd0a5/element &amp#27;[39m&amp#27;[32m200&amp#27;[39m &amp#27;[90m129 ms - 137&amp#27;[39m
&amp#27;[38;5;0m[HTTP]&amp#27;[0m &amp#27;[90m&amp#27;[39m
&amp#27;[38;5;0m[HTTP]&amp#27;[0m &amp#27;[37m-->&amp#27;[39m &amp#27;[37mPOST&amp#27;[39m &amp#27;[37m/session/48a4102c-445f-4a42-b3f3-407546bbd0a5/element/00000000-0000-0104-ffff-ffff00000029/click&amp#27;[39m
&amp#27;[38;5;0m[HTTP]&amp#27;[0m &amp#27;[90m{"id":"00000000-0000-0104-ffff-ffff00000029"}&amp#27;[39m
&amp#27;[38;5;32m[AndroidUiautomator2Driver@164a (48a4102c)]&amp#27;[0m Calling AppiumDriver.click() with args: ["00000000-0000-0104-ffff-ffff00000029","48a4102c-445f-4a42-b3f3-407546bbd0a5"]
&amp#27;[38;5;32m[AndroidUiautomator2Driver@164a (48a4102c)]&amp#27;[0m Matched '/element/00000000-0000-0104-ffff-ffff00000029/click' to command name 'click'
&amp#27;[38;5;32m[AndroidUiautomator2Driver@164a (48a4102c)]&amp#27;[0m Proxying [POST /element/00000000-0000-0104-ffff-ffff00000029/click] to [POST http://127.0.0.1:8200/session/a3aa8345-253b-4d06-b85f-9a0747812ef5/element/00000000-0000-0104-ffff-ffff00000029/click] with body: {"element":"00000000-0000-0104-ffff-ffff00000029"}
&amp#27;[38;5;32m[AndroidUiautomator2Driver@164a (48a4102c)]&amp#27;[0m Got response with status 200: {"sessionId":"a3aa8345-253b-4d06-b85f-9a0747812ef5","value":null}
&amp#27;[38;5;32m[AndroidUiautomator2Driver@164a (48a4102c)]&amp#27;[0m Responding to client with driver.click() result: null
&amp#27;[38;5;0m[HTTP]&amp#27;[0m &amp#27;[37m<-- POST /session/48a4102c-445f-4a42-b3f3-407546bbd0a5/element/00000000-0000-0104-ffff-ffff00000029/click &amp#27;[39m&amp#27;[32m200&amp#27;[39m &amp#27;[90m799 ms - 14&amp#27;[39m
&amp#27;[38;5;0m[HTTP]&amp#27;[0m &amp#27;[90m&amp#27;[39m
&amp#27;[38;5;0m[HTTP]&amp#27;[0m &amp#27;[37m-->&amp#27;[39m &amp#27;[37mGET&amp#27;[39m &amp#27;[37m/session/48a4102c-445f-4a42-b3f3-407546bbd0a5/context&amp#27;[39m
&amp#27;[38;5;0m[HTTP]&amp#27;[0m &amp#27;[90m{}&amp#27;[39m
&amp#27;[38;5;32m[AndroidUiautomator2Driver@164a (48a4102c)]&amp#27;[0m Calling AppiumDriver.getCurrentContext() with args: ["48a4102c-445f-4a42-b3f3-407546bbd0a5"]
&amp#27;[38;5;32m[AndroidUiautomator2Driver@164a (48a4102c)]&amp#27;[0m Responding to client with driver.getCurrentContext() result: "NATIVE_APP"
&amp#27;[38;5;0m[HTTP]&amp#27;[0m &amp#27;[37m<-- GET /session/48a4102c-445f-4a42-b3f3-407546bbd0a5/context &amp#27;[39m&amp#27;[32m200&amp#27;[39m &amp#27;[90m2 ms - 22&amp#27;[39m
&amp#27;[38;5;0m[HTTP]&amp#27;[0m &amp#27;[90m&amp#27;[39m
&amp#27;[38;5;0m[HTTP]&amp#27;[0m &amp#27;[37m-->&amp#27;[39m &amp#27;[37mPOST&amp#27;[39m &amp#27;[37m/session/48a4102c-445f-4a42-b3f3-407546bbd0a5/element&amp#27;[39m
&amp#27;[38;5;0m[HTTP]&amp#27;[0m &amp#27;[90m{"value":"com.androidsample.generalstore:id/btnLetsShop","using":"id"}&amp#27;[39m
&amp#27;[38;5;32m[AndroidUiautomator2Driver@164a (48a4102c)]&amp#27;[0m Calling AppiumDriver.findElement() with args: ["id","com.androidsample.generalstore:id/btnLetsShop","48a4102c-445f-4a42-b3f3-407546bbd0a5"]
&amp#27;[38;5;32m[AndroidUiautomator2Driver@164a (48a4102c)]&amp#27;[0m Valid locator strategies for this request: xpath, id, class name, accessibility id, css selector, -android uiautomator
&amp#27;[38;5;32m[AndroidUiautomator2Driver@164a (48a4102c)]&amp#27;[0m Waiting up to 10000 ms for condition
&amp#27;[38;5;32m[AndroidUiautomator2Driver@164a (48a4102c)]&amp#27;[0m Matched '/element' to command name 'findElement'
&amp#27;[38;5;32m[AndroidUiautomator2Driver@164a (48a4102c)]&amp#27;[0m Proxying [POST /element] to [POST http://127.0.0.1:8200/session/a3aa8345-253b-4d06-b85f-9a0747812ef5/element] with body: {"strategy":"id","selector":"com.androidsample.generalstore:id/btnLetsShop","context":"","multiple":false}
&amp#27;[38;5;32m[AndroidUiautomator2Driver@164a (48a4102c)]&amp#27;[0m Got response with status 200: {"sessionId":"a3aa8345-253b-4d06-b85f-9a0747812ef5","value":{"ELEMENT":"00000000-0000-0103-ffff-ffff00000021","element-6066-11e4-a52e-4f735466cecf":"00000000-0000-0103-ffff-ffff00000021"}}
&amp#27;[38;5;32m[AndroidUiautomator2Driver@164a (48a4102c)]&amp#27;[0m Responding to client with driver.findElement() result: {"element-6066-11e4-a52e-4f735466cecf":"00000000-0000-0103-ffff-ffff00000021","ELEMENT":"00000000-0000-0103-ffff-ffff00000021"}
&amp#27;[38;5;0m[HTTP]&amp#27;[0m &amp#27;[37m<-- POST /session/48a4102c-445f-4a42-b3f3-407546bbd0a5/element &amp#27;[39m&amp#27;[32m200&amp#27;[39m &amp#27;[90m54 ms - 137&amp#27;[39m
&amp#27;[38;5;0m[HTTP]&amp#27;[0m &amp#27;[90m&amp#27;[39m
&amp#27;[38;5;0m[HTTP]&amp#27;[0m &amp#27;[37m-->&amp#27;[39m &amp#27;[37mPOST&amp#27;[39m &amp#27;[37m/session/48a4102c-445f-4a42-b3f3-407546bbd0a5/element/00000000-0000-0103-ffff-ffff00000021/click&amp#27;[39m
&amp#27;[38;5;0m[HTTP]&amp#27;[0m &amp#27;[90m{"id":"00000000-0000-0103-ffff-ffff00000021"}&amp#27;[39m
&amp#27;[38;5;32m[AndroidUiautomator2Driver@164a (48a4102c)]&amp#27;[0m Calling AppiumDriver.click() with args: ["00000000-0000-0103-ffff-ffff00000021","48a4102c-445f-4a42-b3f3-407546bbd0a5"]
&amp#27;[38;5;32m[AndroidUiautomator2Driver@164a (48a4102c)]&amp#27;[0m Matched '/element/00000000-0000-0103-ffff-ffff00000021/click' to command name 'click'
&amp#27;[38;5;32m[AndroidUiautomator2Driver@164a (48a4102c)]&amp#27;[0m Proxying [POST /element/00000000-0000-0103-ffff-ffff00000021/click] to [POST http://127.0.0.1:8200/session/a3aa8345-253b-4d06-b85f-9a0747812ef5/element/00000000-0000-0103-ffff-ffff00000021/click] with body: {"element":"00000000-0000-0103-ffff-ffff00000021"}
&amp#27;[38;5;32m[AndroidUiautomator2Driver@164a (48a4102c)]&amp#27;[0m Got response with status 200: {"sessionId":"a3aa8345-253b-4d06-b85f-9a0747812ef5","value":null}
&amp#27;[38;5;32m[AndroidUiautomator2Driver@164a (48a4102c)]&amp#27;[0m Responding to client with driver.click() result: null
&amp#27;[38;5;0m[HTTP]&amp#27;[0m &amp#27;[37m<-- POST /session/48a4102c-445f-4a42-b3f3-407546bbd0a5/element/00000000-0000-0103-ffff-ffff00000021/click &amp#27;[39m&amp#27;[32m200&amp#27;[39m &amp#27;[90m90 ms - 14&amp#27;[39m
&amp#27;[38;5;0m[HTTP]&amp#27;[0m &amp#27;[90m&amp#27;[39m
&amp#27;[38;5;0m[HTTP]&amp#27;[0m &amp#27;[37m-->&amp#27;[39m &amp#27;[37mGET&amp#27;[39m &amp#27;[37m/session/48a4102c-445f-4a42-b3f3-407546bbd0a5/context&amp#27;[39m
&amp#27;[38;5;0m[HTTP]&amp#27;[0m &amp#27;[90m{}&amp#27;[39m
&amp#27;[38;5;32m[AndroidUiautomator2Driver@164a (48a4102c)]&amp#27;[0m Calling AppiumDriver.getCurrentContext() with args: ["48a4102c-445f-4a42-b3f3-407546bbd0a5"]
&amp#27;[38;5;32m[AndroidUiautomator2Driver@164a (48a4102c)]&amp#27;[0m Responding to client with driver.getCurrentContext() result: "NATIVE_APP"
&amp#27;[38;5;0m[HTTP]&amp#27;[0m &amp#27;[37m<-- GET /session/48a4102c-445f-4a42-b3f3-407546bbd0a5/context &amp#27;[39m&amp#27;[32m200&amp#27;[39m &amp#27;[90m4 ms - 22&amp#27;[39m
&amp#27;[38;5;0m[HTTP]&amp#27;[0m &amp#27;[90m&amp#27;[39m
&amp#27;[38;5;0m[HTTP]&amp#27;[0m &amp#27;[37m-->&amp#27;[39m &amp#27;[37mPOST&amp#27;[39m &amp#27;[37m/session/48a4102c-445f-4a42-b3f3-407546bbd0a5/elements&amp#27;[39m
&amp#27;[38;5;0m[HTTP]&amp#27;[0m &amp#27;[90m{"value":"//android.widget.TextView[@text='ADD TO CART']","using":"xpath"}&amp#27;[39m
&amp#27;[38;5;32m[AndroidUiautomator2Driver@164a (48a4102c)]&amp#27;[0m Calling AppiumDriver.findElements() with args: ["xpath","//android.widget.TextView[@text='ADD TO CART']","48a4102c-445f-4a42-b3f3-407546bbd0a5"]
&amp#27;[38;5;32m[AndroidUiautomator2Driver@164a (48a4102c)]&amp#27;[0m Valid locator strategies for this request: xpath, id, class name, accessibility id, css selector, -android uiautomator
&amp#27;[38;5;32m[AndroidUiautomator2Driver@164a (48a4102c)]&amp#27;[0m Waiting up to 10000 ms for condition
&amp#27;[38;5;32m[AndroidUiautomator2Driver@164a (48a4102c)]&amp#27;[0m Matched '/elements' to command name 'findElements'
&amp#27;[38;5;32m[AndroidUiautomator2Driver@164a (48a4102c)]&amp#27;[0m Proxying [POST /elements] to [POST http://127.0.0.1:8200/session/a3aa8345-253b-4d06-b85f-9a0747812ef5/elements] with body: {"strategy":"xpath","selector":"//android.widget.TextView[@text='ADD TO CART']","context":"","multiple":true}
&amp#27;[38;5;32m[AndroidUiautomator2Driver@164a (48a4102c)]&amp#27;[0m Got response with status 200: {"sessionId":"a3aa8345-253b-4d06-b85f-9a0747812ef5","value":[{"ELEMENT":"00000000-0000-0105-ffff-ffff00000052","element-6066-11e4-a52e-4f735466cecf":"00000000-0000-0105-ffff-ffff00000052"},{"ELEMENT":"00000000-0000-0105-ffff-ffff0000005a","element-6066-11e4-a52e-4f735466cecf":"00000000-0000-0105-ffff-ffff0000005a"}]}
&amp#27;[38;5;32m[AndroidUiautomator2Driver@164a (48a4102c)]&amp#27;[0m Responding to client with driver.findElements() result: [{"element-6066-11e4-a52e-4f735466cecf":"00000000-0000-0105-ffff-ffff00000052","ELEMENT":"00000000-0000-0105-ffff-ffff00000052"},{"element-6066-11e4-a52e-4f735466cecf":"00000000-0000-0105-ffff-ffff0000005a","ELEMENT":"00000000-0000-0105-ffff-ffff0000005a"}]
&amp#27;[38;5;0m[HTTP]&amp#27;[0m &amp#27;[37m<-- POST /session/48a4102c-445f-4a42-b3f3-407546bbd0a5/elements &amp#27;[39m&amp#27;[32m200&amp#27;[39m &amp#27;[90m1615 ms - 267&amp#27;[39m
&amp#27;[38;5;0m[HTTP]&amp#27;[0m &amp#27;[90m&amp#27;[39m
&amp#27;[38;5;0m[HTTP]&amp#27;[0m &amp#27;[37m-->&amp#27;[39m &amp#27;[37mPOST&amp#27;[39m &amp#27;[37m/session/48a4102c-445f-4a42-b3f3-407546bbd0a5/element/00000000-0000-0105-ffff-ffff00000052/click&amp#27;[39m
&amp#27;[38;5;0m[HTTP]&amp#27;[0m &amp#27;[90m{"id":"00000000-0000-0105-ffff-ffff00000052"}&amp#27;[39m
&amp#27;[38;5;32m[AndroidUiautomator2Driver@164a (48a4102c)]&amp#27;[0m Calling AppiumDriver.click() with args: ["00000000-0000-0105-ffff-ffff00000052","48a4102c-445f-4a42-b3f3-407546bbd0a5"]
&amp#27;[38;5;32m[AndroidUiautomator2Driver@164a (48a4102c)]&amp#27;[0m Matched '/element/00000000-0000-0105-ffff-ffff00000052/click' to command name 'click'
&amp#27;[38;5;32m[AndroidUiautomator2Driver@164a (48a4102c)]&amp#27;[0m Proxying [POST /element/00000000-0000-0105-ffff-ffff00000052/click] to [POST http://127.0.0.1:8200/session/a3aa8345-253b-4d06-b85f-9a0747812ef5/element/00000000-0000-0105-ffff-ffff00000052/click] with body: {"element":"00000000-0000-0105-ffff-ffff00000052"}
&amp#27;[38;5;32m[AndroidUiautomator2Driver@164a (48a4102c)]&amp#27;[0m Got response with status 200: {"sessionId":"a3aa8345-253b-4d06-b85f-9a0747812ef5","value":null}
&amp#27;[38;5;32m[AndroidUiautomator2Driver@164a (48a4102c)]&amp#27;[0m Responding to client with driver.click() result: null
&amp#27;[38;5;0m[HTTP]&amp#27;[0m &amp#27;[37m<-- POST /session/48a4102c-445f-4a42-b3f3-407546bbd0a5/element/00000000-0000-0105-ffff-ffff00000052/click &amp#27;[39m&amp#27;[32m200&amp#27;[39m &amp#27;[90m560 ms - 14&amp#27;[39m
&amp#27;[38;5;0m[HTTP]&amp#27;[0m &amp#27;[90m&amp#27;[39m
&amp#27;[38;5;0m[HTTP]&amp#27;[0m &amp#27;[37m-->&amp#27;[39m &amp#27;[37mGET&amp#27;[39m &amp#27;[37m/session/48a4102c-445f-4a42-b3f3-407546bbd0a5/context&amp#27;[39m
&amp#27;[38;5;0m[HTTP]&amp#27;[0m &amp#27;[90m{}&amp#27;[39m
&amp#27;[38;5;32m[AndroidUiautomator2Driver@164a (48a4102c)]&amp#27;[0m Calling AppiumDriver.getCurrentContext() with args: ["48a4102c-445f-4a42-b3f3-407546bbd0a5"]
&amp#27;[38;5;32m[AndroidUiautomator2Driver@164a (48a4102c)]&amp#27;[0m Responding to client with driver.getCurrentContext() result: "NATIVE_APP"
&amp#27;[38;5;0m[HTTP]&amp#27;[0m &amp#27;[37m<-- GET /session/48a4102c-445f-4a42-b3f3-407546bbd0a5/context &amp#27;[39m&amp#27;[32m200&amp#27;[39m &amp#27;[90m1 ms - 22&amp#27;[39m
&amp#27;[38;5;0m[HTTP]&amp#27;[0m &amp#27;[90m&amp#27;[39m
&amp#27;[38;5;0m[HTTP]&amp#27;[0m &amp#27;[37m-->&amp#27;[39m &amp#27;[37mPOST&amp#27;[39m &amp#27;[37m/session/48a4102c-445f-4a42-b3f3-407546bbd0a5/elements&amp#27;[39m
&amp#27;[38;5;0m[HTTP]&amp#27;[0m &amp#27;[90m{"value":"//android.widget.TextView[@text='ADD TO CART']","using":"xpath"}&amp#27;[39m
&amp#27;[38;5;32m[AndroidUiautomator2Driver@164a (48a4102c)]&amp#27;[0m Calling AppiumDriver.findElements() with args: ["xpath","//android.widget.TextView[@text='ADD TO CART']","48a4102c-445f-4a42-b3f3-407546bbd0a5"]
&amp#27;[38;5;32m[AndroidUiautomator2Driver@164a (48a4102c)]&amp#27;[0m Valid locator strategies for this request: xpath, id, class name, accessibility id, css selector, -android uiautomator
&amp#27;[38;5;32m[AndroidUiautomator2Driver@164a (48a4102c)]&amp#27;[0m Waiting up to 10000 ms for condition
&amp#27;[38;5;32m[AndroidUiautomator2Driver@164a (48a4102c)]&amp#27;[0m Matched '/elements' to command name 'findElements'
&amp#27;[38;5;32m[AndroidUiautomator2Driver@164a (48a4102c)]&amp#27;[0m Proxying [POST /elements] to [POST http://127.0.0.1:8200/session/a3aa8345-253b-4d06-b85f-9a0747812ef5/elements] with body: {"strategy":"xpath","selector":"//android.widget.TextView[@text='ADD TO CART']","context":"","multiple":true}
&amp#27;[38;5;32m[AndroidUiautomator2Driver@164a (48a4102c)]&amp#27;[0m Got response with status 200: {"sessionId":"a3aa8345-253b-4d06-b85f-9a0747812ef5","value":[{"ELEMENT":"00000000-0000-0105-ffff-ffff0000005a","element-6066-11e4-a52e-4f735466cecf":"00000000-0000-0105-ffff-ffff0000005a"}]}
&amp#27;[38;5;32m[AndroidUiautomator2Driver@164a (48a4102c)]&amp#27;[0m Responding to client with driver.findElements() result: [{"element-6066-11e4-a52e-4f735466cecf":"00000000-0000-0105-ffff-ffff0000005a","ELEMENT":"00000000-0000-0105-ffff-ffff0000005a"}]
&amp#27;[38;5;0m[HTTP]&amp#27;[0m &amp#27;[37m<-- POST /session/48a4102c-445f-4a42-b3f3-407546bbd0a5/elements &amp#27;[39m&amp#27;[32m200&amp#27;[39m &amp#27;[90m142 ms - 139&amp#27;[39m
&amp#27;[38;5;0m[HTTP]&amp#27;[0m &amp#27;[90m&amp#27;[39m
&amp#27;[38;5;0m[HTTP]&amp#27;[0m &amp#27;[37m-->&amp#27;[39m &amp#27;[37mPOST&amp#27;[39m &amp#27;[37m/session/48a4102c-445f-4a42-b3f3-407546bbd0a5/element/00000000-0000-0105-ffff-ffff0000005a/click&amp#27;[39m
&amp#27;[38;5;0m[HTTP]&amp#27;[0m &amp#27;[90m{"id":"00000000-0000-0105-ffff-ffff0000005a"}&amp#27;[39m
&amp#27;[38;5;32m[AndroidUiautomator2Driver@164a (48a4102c)]&amp#27;[0m Calling AppiumDriver.click() with args: ["00000000-0000-0105-ffff-ffff0000005a","48a4102c-445f-4a42-b3f3-407546bbd0a5"]
&amp#27;[38;5;32m[AndroidUiautomator2Driver@164a (48a4102c)]&amp#27;[0m Matched '/element/00000000-0000-0105-ffff-ffff0000005a/click' to command name 'click'
&amp#27;[38;5;32m[AndroidUiautomator2Driver@164a (48a4102c)]&amp#27;[0m Proxying [POST /element/00000000-0000-0105-ffff-ffff0000005a/click] to [POST http://127.0.0.1:8200/session/a3aa8345-253b-4d06-b85f-9a0747812ef5/element/00000000-0000-0105-ffff-ffff0000005a/click] with body: {"element":"00000000-0000-0105-ffff-ffff0000005a"}
&amp#27;[38;5;32m[AndroidUiautomator2Driver@164a (48a4102c)]&amp#27;[0m Got response with status 200: {"sessionId":"a3aa8345-253b-4d06-b85f-9a0747812ef5","value":null}
&amp#27;[38;5;32m[AndroidUiautomator2Driver@164a (48a4102c)]&amp#27;[0m Responding to client with driver.click() result: null
&amp#27;[38;5;0m[HTTP]&amp#27;[0m &amp#27;[37m<-- POST /session/48a4102c-445f-4a42-b3f3-407546bbd0a5/element/00000000-0000-0105-ffff-ffff0000005a/click &amp#27;[39m&amp#27;[32m200&amp#27;[39m &amp#27;[90m559 ms - 14&amp#27;[39m
&amp#27;[38;5;0m[HTTP]&amp#27;[0m &amp#27;[90m&amp#27;[39m
&amp#27;[38;5;0m[HTTP]&amp#27;[0m &amp#27;[37m-->&amp#27;[39m &amp#27;[37mGET&amp#27;[39m &amp#27;[37m/session/48a4102c-445f-4a42-b3f3-407546bbd0a5/context&amp#27;[39m
&amp#27;[38;5;0m[HTTP]&amp#27;[0m &amp#27;[90m{}&amp#27;[39m
&amp#27;[38;5;32m[AndroidUiautomator2Driver@164a (48a4102c)]&amp#27;[0m Calling AppiumDriver.getCurrentContext() with args: ["48a4102c-445f-4a42-b3f3-407546bbd0a5"]
&amp#27;[38;5;32m[AndroidUiautomator2Driver@164a (48a4102c)]&amp#27;[0m Responding to client with driver.getCurrentContext() result: "NATIVE_APP"
&amp#27;[38;5;0m[HTTP]&amp#27;[0m &amp#27;[37m<-- GET /session/48a4102c-445f-4a42-b3f3-407546bbd0a5/context &amp#27;[39m&amp#27;[32m200&amp#27;[39m &amp#27;[90m1 ms - 22&amp#27;[39m
&amp#27;[38;5;0m[HTTP]&amp#27;[0m &amp#27;[90m&amp#27;[39m
&amp#27;[38;5;0m[HTTP]&amp#27;[0m &amp#27;[37m-->&amp#27;[39m &amp#27;[37mPOST&amp#27;[39m &amp#27;[37m/session/48a4102c-445f-4a42-b3f3-407546bbd0a5/element&amp#27;[39m
&amp#27;[38;5;0m[HTTP]&amp#27;[0m &amp#27;[90m{"value":"com.androidsample.generalstore:id/appbar_btn_cart","using":"id"}&amp#27;[39m
&amp#27;[38;5;32m[AndroidUiautomator2Driver@164a (48a4102c)]&amp#27;[0m Calling AppiumDriver.findElement() with args: ["id","com.androidsample.generalstore:id/appbar_btn_cart","48a4102c-445f-4a42-b3f3-407546bbd0a5"]
&amp#27;[38;5;32m[AndroidUiautomator2Driver@164a (48a4102c)]&amp#27;[0m Valid locator strategies for this request: xpath, id, class name, accessibility id, css selector, -android uiautomator
&amp#27;[38;5;32m[AndroidUiautomator2Driver@164a (48a4102c)]&amp#27;[0m Waiting up to 10000 ms for condition
&amp#27;[38;5;32m[AndroidUiautomator2Driver@164a (48a4102c)]&amp#27;[0m Matched '/element' to command name 'findElement'
&amp#27;[38;5;32m[AndroidUiautomator2Driver@164a (48a4102c)]&amp#27;[0m Proxying [POST /element] to [POST http://127.0.0.1:8200/session/a3aa8345-253b-4d06-b85f-9a0747812ef5/element] with body: {"strategy":"id","selector":"com.androidsample.generalstore:id/appbar_btn_cart","context":"","multiple":false}
&amp#27;[38;5;32m[AndroidUiautomator2Driver@164a (48a4102c)]&amp#27;[0m Got response with status 200: {"sessionId":"a3aa8345-253b-4d06-b85f-9a0747812ef5","value":{"ELEMENT":"00000000-0000-0105-ffff-ffff00000045","element-6066-11e4-a52e-4f735466cecf":"00000000-0000-0105-ffff-ffff00000045"}}
&amp#27;[38;5;32m[AndroidUiautomator2Driver@164a (48a4102c)]&amp#27;[0m Responding to client with driver.findElement() result: {"element-6066-11e4-a52e-4f735466cecf":"00000000-0000-0105-ffff-ffff00000045","ELEMENT":"00000000-0000-0105-ffff-ffff00000045"}
&amp#27;[38;5;0m[HTTP]&amp#27;[0m &amp#27;[37m<-- POST /session/48a4102c-445f-4a42-b3f3-407546bbd0a5/element &amp#27;[39m&amp#27;[32m200&amp#27;[39m &amp#27;[90m38 ms - 137&amp#27;[39m
&amp#27;[38;5;0m[HTTP]&amp#27;[0m &amp#27;[90m&amp#27;[39m
&amp#27;[38;5;0m[HTTP]&amp#27;[0m &amp#27;[37m-->&amp#27;[39m &amp#27;[37mPOST&amp#27;[39m &amp#27;[37m/session/48a4102c-445f-4a42-b3f3-407546bbd0a5/element/00000000-0000-0105-ffff-ffff00000045/click&amp#27;[39m
&amp#27;[38;5;0m[HTTP]&amp#27;[0m &amp#27;[90m{"id":"00000000-0000-0105-ffff-ffff00000045"}&amp#27;[39m
&amp#27;[38;5;32m[AndroidUiautomator2Driver@164a (48a4102c)]&amp#27;[0m Calling AppiumDriver.click() with args: ["00000000-0000-0105-ffff-ffff00000045","48a4102c-445f-4a42-b3f3-407546bbd0a5"]
&amp#27;[38;5;32m[AndroidUiautomator2Driver@164a (48a4102c)]&amp#27;[0m Matched '/element/00000000-0000-0105-ffff-ffff00000045/click' to command name 'click'
&amp#27;[38;5;32m[AndroidUiautomator2Driver@164a (48a4102c)]&amp#27;[0m Proxying [POST /element/00000000-0000-0105-ffff-ffff00000045/click] to [POST http://127.0.0.1:8200/session/a3aa8345-253b-4d06-b85f-9a0747812ef5/element/00000000-0000-0105-ffff-ffff00000045/click] with body: {"element":"00000000-0000-0105-ffff-ffff00000045"}
&amp#27;[38;5;32m[AndroidUiautomator2Driver@164a (48a4102c)]&amp#27;[0m Got response with status 200: {"sessionId":"a3aa8345-253b-4d06-b85f-9a0747812ef5","value":null}
&amp#27;[38;5;32m[AndroidUiautomator2Driver@164a (48a4102c)]&amp#27;[0m Responding to client with driver.click() result: null
&amp#27;[38;5;0m[HTTP]&amp#27;[0m &amp#27;[37m<-- POST /session/48a4102c-445f-4a42-b3f3-407546bbd0a5/element/00000000-0000-0105-ffff-ffff00000045/click &amp#27;[39m&amp#27;[32m200&amp#27;[39m &amp#27;[90m104 ms - 14&amp#27;[39m
[...]
&amp#27;[38;5;32m[AndroidUiautomator2Driver@164a (48a4102c)]&amp#27;[0m Got response with status 200: {"sessionId":"a3aa8345-253b-4d06-b85f-9a0747812ef5","value":"$ 280.97"}
&amp#27;[38;5;32m[AndroidUiautomator2Driver@164a (48a4102c)]&amp#27;[0m Replacing sessionId a3aa8345-253b-4d06-b85f-9a0747812ef5 with 48a4102c-445f-4a42-b3f3-407546bbd0a5
&amp#27;[38;5;0m[HTTP]&amp#27;[0m &amp#27;[37m<-- GET /session/48a4102c-445f-4a42-b3f3-407546bbd0a5/element/00000000-0000-010d-ffff-ffff0000012a/text &amp#27;[39m&amp#27;[32m200&amp#27;[39m &amp#27;[90m23 ms - 71&amp#27;[39m
&amp#27;[38;5;0m[HTTP]&amp#27;[0m &amp#27;[90m&amp#27;[39m
&amp#27;[38;5;0m[HTTP]&amp#27;[0m &amp#27;[37m-->&amp#27;[39m &amp#27;[37mGET&amp#27;[39m &amp#27;[37m/session/48a4102c-445f-4a42-b3f3-407546bbd0a5/context&amp#27;[39m
&amp#27;[38;5;0m[HTTP]&amp#27;[0m &amp#27;[90m{}&amp#27;[39m
&amp#27;[38;5;32m[AndroidUiautomator2Driver@164a (48a4102c)]&amp#27;[0m Calling AppiumDriver.getCurrentContext() with args: ["48a4102c-445f-4a42-b3f3-407546bbd0a5"]
&amp#27;[38;5;32m[AndroidUiautomator2Driver@164a (48a4102c)]&amp#27;[0m Responding to client with driver.getCurrentContext() result: "NATIVE_APP"
&amp#27;[38;5;0m[HTTP]&amp#27;[0m &amp#27;[37m<-- GET /session/48a4102c-445f-4a42-b3f3-407546bbd0a5/context &amp#27;[39m&amp#27;[32m200&amp#27;[39m &amp#27;[90m1 ms - 22&amp#27;[39m
&amp#27;[38;5;0m[HTTP]&amp#27;[0m &amp#27;[90m&amp#27;[39m
&amp#27;[38;5;0m[HTTP]&amp#27;[0m &amp#27;[37m-->&amp#27;[39m &amp#27;[37mPOST&amp#27;[39m &amp#27;[37m/session/48a4102c-445f-4a42-b3f3-407546bbd0a5/element&amp#27;[39m
&amp#27;[38;5;0m[HTTP]&amp#27;[0m &amp#27;[90m{"value":"com.androidsample.generalstore:id/termsButton","using":"id"}&amp#27;[39m
&amp#27;[38;5;32m[AndroidUiautomator2Driver@164a (48a4102c)]&amp#27;[0m Calling AppiumDriver.findElement() with args: ["id","com.androidsample.generalstore:id/termsButton","48a4102c-445f-4a42-b3f3-407546bbd0a5"]
&amp#27;[38;5;32m[AndroidUiautomator2Driver@164a (48a4102c)]&amp#27;[0m Valid locator strategies for this request: xpath, id, class name, accessibility id, css selector, -android uiautomator
&amp#27;[38;5;32m[AndroidUiautomator2Driver@164a (48a4102c)]&amp#27;[0m Waiting up to 10000 ms for condition
&amp#27;[38;5;32m[AndroidUiautomator2Driver@164a (48a4102c)]&amp#27;[0m Matched '/element' to command name 'findElement'
&amp#27;[38;5;32m[AndroidUiautomator2Driver@164a (48a4102c)]&amp#27;[0m Proxying [POST /element] to [POST http://127.0.0.1:8200/session/a3aa8345-253b-4d06-b85f-9a0747812ef5/element] with body: {"strategy":"id","selector":"com.androidsample.generalstore:id/termsButton","context":"","multiple":false}
&amp#27;[38;5;32m[AndroidUiautomator2Driver@164a (48a4102c)]&amp#27;[0m Got response with status 200: {"sessionId":"a3aa8345-253b-4d06-b85f-9a0747812ef5","value":{"ELEMENT":"00000000-0000-010d-ffff-ffff0000012d","element-6066-11e4-a52e-4f735466cecf":"00000000-0000-010d-ffff-ffff0000012d"}}
&amp#27;[38;5;32m[AndroidUiautomator2Driver@164a (48a4102c)]&amp#27;[0m Responding to client with driver.findElement() result: {"element-6066-11e4-a52e-4f735466cecf":"00000000-0000-010d-ffff-ffff0000012d","ELEMENT":"00000000-0000-010d-ffff-ffff0000012d"}
&amp#27;[38;5;0m[HTTP]&amp#27;[0m &amp#27;[37m<-- POST /session/48a4102c-445f-4a42-b3f3-407546bbd0a5/element &amp#27;[39m&amp#27;[32m200&amp#27;[39m &amp#27;[90m71 ms - 137&amp#27;[39m
&amp#27;[38;5;0m[HTTP]&amp#27;[0m &amp#27;[90m&amp#27;[39m
&amp#27;[38;5;0m[HTTP]&amp#27;[0m &amp#27;[37m-->&amp#27;[39m &amp#27;[37mPOST&amp#27;[39m &amp#27;[37m/session/48a4102c-445f-4a42-b3f3-407546bbd0a5/execute/sync&amp#27;[39m
&amp#27;[38;5;0m[HTTP]&amp#27;[0m &amp#27;[90m{"args":[{"elementId":"00000000-0000-010d-ffff-ffff0000012d","duration":2000}],"script":"mobile: longClickGesture"}&amp#27;[39m
&amp#27;[38;5;32m[AndroidUiautomator2Driver@164a (48a4102c)]&amp#27;[0m Calling AppiumDriver.execute() with args: ["mobile: longClickGesture",[{"elementId":"00000000-0000-010d-ffff-ffff0000012d","duration":2000}],"48a4102c-445f-4a42-b3f3-407546bbd0a5"]
&amp#27;[38;5;32m[AndroidUiautomator2Driver@164a (48a4102c)]&amp#27;[0m Executing method 'mobile: longClickGesture'
&amp#27;[38;5;32m[AndroidUiautomator2Driver@164a (48a4102c)]&amp#27;[0m Proxying [POST /appium/gestures/long_click] to [POST http://127.0.0.1:8200/session/a3aa8345-253b-4d06-b85f-9a0747812ef5/appium/gestures/long_click] with body: {"origin":{"ELEMENT":"00000000-0000-010d-ffff-ffff0000012d","element-6066-11e4-a52e-4f735466cecf":"00000000-0000-010d-ffff-ffff0000012d"},"duration":2000}
&amp#27;[38;5;32m[AndroidUiautomator2Driver@164a (48a4102c)]&amp#27;[0m Got response with status 200: {"sessionId":"a3aa8345-253b-4d06-b85f-9a0747812ef5","value":null}
&amp#27;[38;5;32m[AndroidUiautomator2Driver@164a (48a4102c)]&amp#27;[0m Responding to client with driver.execute() result: null
&amp#27;[38;5;0m[HTTP]&amp#27;[0m &amp#27;[37m<-- POST /session/48a4102c-445f-4a42-b3f3-407546bbd0a5/execute/sync &amp#27;[39m&amp#27;[32m200&amp#27;[39m &amp#27;[90m3555 ms - 14&amp#27;[39m
&amp#27;[38;5;0m[HTTP]&amp#27;[0m &amp#27;[90m&amp#27;[39m
&amp#27;[38;5;0m[HTTP]&amp#27;[0m &amp#27;[37m-->&amp#27;[39m &amp#27;[37mGET&amp#27;[39m &amp#27;[37m/session/48a4102c-445f-4a42-b3f3-407546bbd0a5/context&amp#27;[39m
&amp#27;[38;5;0m[HTTP]&amp#27;[0m &amp#27;[90m{}&amp#27;[39m
&amp#27;[38;5;32m[AndroidUiautomator2Driver@164a (48a4102c)]&amp#27;[0m Calling AppiumDriver.getCurrentContext() with args: ["48a4102c-445f-4a42-b3f3-407546bbd0a5"]
&amp#27;[38;5;32m[AndroidUiautomator2Driver@164a (48a4102c)]&amp#27;[0m Responding to client with driver.getCurrentContext() result: "NATIVE_APP"
&amp#27;[38;5;0m[HTTP]&amp#27;[0m &amp#27;[37m<-- GET /session/48a4102c-445f-4a42-b3f3-407546bbd0a5/context &amp#27;[39m&amp#27;[32m200&amp#27;[39m &amp#27;[90m1 ms - 22&amp#27;[39m
&amp#27;[38;5;0m[HTTP]&amp#27;[0m &amp#27;[90m&amp#27;[39m
&amp#27;[38;5;0m[HTTP]&amp#27;[0m &amp#27;[37m-->&amp#27;[39m &amp#27;[37mPOST&amp#27;[39m &amp#27;[37m/session/48a4102c-445f-4a42-b3f3-407546bbd0a5/element&amp#27;[39m
&amp#27;[38;5;0m[HTTP]&amp#27;[0m &amp#27;[90m{"value":"android:id/button1","using":"id"}&amp#27;[39m
&amp#27;[38;5;32m[AndroidUiautomator2Driver@164a (48a4102c)]&amp#27;[0m Calling AppiumDriver.findElement() with args: ["id","android:id/button1","48a4102c-445f-4a42-b3f3-407546bbd0a5"]
&amp#27;[38;5;32m[AndroidUiautomator2Driver@164a (48a4102c)]&amp#27;[0m Valid locator strategies for this request: xpath, id, class name, accessibility id, css selector, -android uiautomator
&amp#27;[38;5;32m[AndroidUiautomator2Driver@164a (48a4102c)]&amp#27;[0m Waiting up to 10000 ms for condition
&amp#27;[38;5;32m[AndroidUiautomator2Driver@164a (48a4102c)]&amp#27;[0m Matched '/element' to command name 'findElement'
&amp#27;[38;5;32m[AndroidUiautomator2Driver@164a (48a4102c)]&amp#27;[0m Proxying [POST /element] to [POST http://127.0.0.1:8200/session/a3aa8345-253b-4d06-b85f-9a0747812ef5/element] with body: {"strategy":"id","selector":"android:id/button1","context":"","multiple":false}
&amp#27;[38;5;32m[AndroidUiautomator2Driver@164a (48a4102c)]&amp#27;[0m Got response with status 200: {"sessionId":"a3aa8345-253b-4d06-b85f-9a0747812ef5","value":{"ELEMENT":"00000000-0000-010e-ffff-ffff00000159","element-6066-11e4-a52e-4f735466cecf":"00000000-0000-010e-ffff-ffff00000159"}}
&amp#27;[38;5;32m[AndroidUiautomator2Driver@164a (48a4102c)]&amp#27;[0m Responding to client with driver.findElement() result: {"element-6066-11e4-a52e-4f735466cecf":"00000000-0000-010e-ffff-ffff00000159","ELEMENT":"00000000-0000-010e-ffff-ffff00000159"}
&amp#27;[38;5;0m[HTTP]&amp#27;[0m &amp#27;[37m<-- POST /session/48a4102c-445f-4a42-b3f3-407546bbd0a5/element &amp#27;[39m&amp#27;[32m200&amp#27;[39m &amp#27;[90m40 ms - 137&amp#27;[39m
&amp#27;[38;5;0m[HTTP]&amp#27;[0m &amp#27;[90m&amp#27;[39m
&amp#27;[38;5;0m[HTTP]&amp#27;[0m &amp#27;[37m-->&amp#27;[39m &amp#27;[37mPOST&amp#27;[39m &amp#27;[37m/session/48a4102c-445f-4a42-b3f3-407546bbd0a5/element/00000000-0000-010e-ffff-ffff00000159/click&amp#27;[39m
&amp#27;[38;5;0m[HTTP]&amp#27;[0m &amp#27;[90m{"id":"00000000-0000-010e-ffff-ffff00000159"}&amp#27;[39m
&amp#27;[38;5;32m[AndroidUiautomator2Driver@164a (48a4102c)]&amp#27;[0m Calling AppiumDriver.click() with args: ["00000000-0000-010e-ffff-ffff00000159","48a4102c-445f-4a42-b3f3-407546bbd0a5"]
&amp#27;[38;5;32m[AndroidUiautomator2Driver@164a (48a4102c)]&amp#27;[0m Matched '/element/00000000-0000-010e-ffff-ffff00000159/click' to command name 'click'
&amp#27;[38;5;32m[AndroidUiautomator2Driver@164a (48a4102c)]&amp#27;[0m Proxying [POST /element/00000000-0000-010e-ffff-ffff00000159/click] to [POST http://127.0.0.1:8200/session/a3aa8345-253b-4d06-b85f-9a0747812ef5/element/00000000-0000-010e-ffff-ffff00000159/click] with body: {"element":"00000000-0000-010e-ffff-ffff00000159"}
&amp#27;[38;5;32m[AndroidUiautomator2Driver@164a (48a4102c)]&amp#27;[0m Got response with status 200: {"sessionId":"a3aa8345-253b-4d06-b85f-9a0747812ef5","value":null}
&amp#27;[38;5;32m[AndroidUiautomator2Driver@164a (48a4102c)]&amp#27;[0m Responding to client with driver.click() result: null
&amp#27;[38;5;0m[HTTP]&amp#27;[0m &amp#27;[37m<-- POST /session/48a4102c-445f-4a42-b3f3-407546bbd0a5/element/00000000-0000-010e-ffff-ffff00000159/click &amp#27;[39m&amp#27;[32m200&amp#27;[39m &amp#27;[90m58 ms - 14&amp#27;[39m
&amp#27;[38;5;0m[HTTP]&amp#27;[0m &amp#27;[90m&amp#27;[39m
&amp#27;[38;5;0m[HTTP]&amp#27;[0m &amp#27;[37m-->&amp#27;[39m &amp#27;[37mGET&amp#27;[39m &amp#27;[37m/session/48a4102c-445f-4a42-b3f3-407546bbd0a5/context&amp#27;[39m
&amp#27;[38;5;0m[HTTP]&amp#27;[0m &amp#27;[90m{}&amp#27;[39m
&amp#27;[38;5;32m[AndroidUiautomator2Driver@164a (48a4102c)]&amp#27;[0m Calling AppiumDriver.getCurrentContext() with args: ["48a4102c-445f-4a42-b3f3-407546bbd0a5"]
&amp#27;[38;5;32m[AndroidUiautomator2Driver@164a (48a4102c)]&amp#27;[0m Responding to client with driver.getCurrentContext() result: "NATIVE_APP"
&amp#27;[38;5;0m[HTTP]&amp#27;[0m &amp#27;[37m<-- GET /session/48a4102c-445f-4a42-b3f3-407546bbd0a5/context &amp#27;[39m&amp#27;[32m200&amp#27;[39m &amp#27;[90m1 ms - 22&amp#27;[39m
&amp#27;[38;5;0m[HTTP]&amp#27;[0m &amp#27;[90m&amp#27;[39m
&amp#27;[38;5;0m[HTTP]&amp#27;[0m &amp#27;[37m-->&amp#27;[39m &amp#27;[37mPOST&amp#27;[39m &amp#27;[37m/session/48a4102c-445f-4a42-b3f3-407546bbd0a5/element&amp#27;[39m
&amp#27;[38;5;0m[HTTP]&amp#27;[0m &amp#27;[90m{"value":"android.widget.CheckBox","using":"class name"}&amp#27;[39m
&amp#27;[38;5;32m[AndroidUiautomator2Driver@164a (48a4102c)]&amp#27;[0m Calling AppiumDriver.findElement() with args: ["class name","android.widget.CheckBox","48a4102c-445f-4a42-b3f3-407546bbd0a5"]
&amp#27;[38;5;32m[AndroidUiautomator2Driver@164a (48a4102c)]&amp#27;[0m Valid locator strategies for this request: xpath, id, class name, accessibility id, css selector, -android uiautomator
&amp#27;[38;5;32m[AndroidUiautomator2Driver@164a (48a4102c)]&amp#27;[0m Waiting up to 10000 ms for condition
&amp#27;[38;5;32m[AndroidUiautomator2Driver@164a (48a4102c)]&amp#27;[0m Matched '/element' to command name 'findElement'
&amp#27;[38;5;32m[AndroidUiautomator2Driver@164a (48a4102c)]&amp#27;[0m Proxying [POST /element] to [POST http://127.0.0.1:8200/session/a3aa8345-253b-4d06-b85f-9a0747812ef5/element] with body: {"strategy":"class name","selector":"android.widget.CheckBox","context":"","multiple":false}
&amp#27;[38;5;32m[AndroidUiautomator2Driver@164a (48a4102c)]&amp#27;[0m Got response with status 200: {"sessionId":"a3aa8345-253b-4d06-b85f-9a0747812ef5","value":{"ELEMENT":"00000000-0000-010d-ffff-ffff0000012b","element-6066-11e4-a52e-4f735466cecf":"00000000-0000-010d-ffff-ffff0000012b"}}
&amp#27;[38;5;32m[AndroidUiautomator2Driver@164a (48a4102c)]&amp#27;[0m Responding to client with driver.findElement() result: {"element-6066-11e4-a52e-4f735466cecf":"00000000-0000-010d-ffff-ffff0000012b","ELEMENT":"00000000-0000-010d-ffff-ffff0000012b"}
&amp#27;[38;5;0m[HTTP]&amp#27;[0m &amp#27;[37m<-- POST /session/48a4102c-445f-4a42-b3f3-407546bbd0a5/element &amp#27;[39m&amp#27;[32m200&amp#27;[39m &amp#27;[90m411 ms - 137&amp#27;[39m
&amp#27;[38;5;0m[HTTP]&amp#27;[0m &amp#27;[90m&amp#27;[39m
&amp#27;[38;5;0m[HTTP]&amp#27;[0m &amp#27;[37m-->&amp#27;[39m &amp#27;[37mPOST&amp#27;[39m &amp#27;[37m/session/48a4102c-445f-4a42-b3f3-407546bbd0a5/element/00000000-0000-010d-ffff-ffff0000012b/click&amp#27;[39m
&amp#27;[38;5;0m[HTTP]&amp#27;[0m &amp#27;[90m{"id":"00000000-0000-010d-ffff-ffff0000012b"}&amp#27;[39m
&amp#27;[38;5;32m[AndroidUiautomator2Driver@164a (48a4102c)]&amp#27;[0m Calling AppiumDriver.click() with args: ["00000000-0000-010d-ffff-ffff0000012b","48a4102c-445f-4a42-b3f3-407546bbd0a5"]
&amp#27;[38;5;32m[AndroidUiautomator2Driver@164a (48a4102c)]&amp#27;[0m Matched '/element/00000000-0000-010d-ffff-ffff0000012b/click' to command name 'click'
&amp#27;[38;5;32m[AndroidUiautomator2Driver@164a (48a4102c)]&amp#27;[0m Proxying [POST /element/00000000-0000-010d-ffff-ffff0000012b/click] to [POST http://127.0.0.1:8200/session/a3aa8345-253b-4d06-b85f-9a0747812ef5/element/00000000-0000-010d-ffff-ffff0000012b/click] with body: {"element":"00000000-0000-010d-ffff-ffff0000012b"}
&amp#27;[38;5;32m[AndroidUiautomator2Driver@164a (48a4102c)]&amp#27;[0m Got response with status 200: {"sessionId":"a3aa8345-253b-4d06-b85f-9a0747812ef5","value":null}
&amp#27;[38;5;32m[AndroidUiautomator2Driver@164a (48a4102c)]&amp#27;[0m Responding to client with driver.click() result: null
&amp#27;[38;5;0m[HTTP]&amp#27;[0m &amp#27;[37m<-- POST /session/48a4102c-445f-4a42-b3f3-407546bbd0a5/element/00000000-0000-010d-ffff-ffff0000012b/click &amp#27;[39m&amp#27;[32m200&amp#27;[39m &amp#27;[90m226 ms - 14&amp#27;[39m
&amp#27;[38;5;0m[HTTP]&amp#27;[0m &amp#27;[90m&amp#27;[39m
&amp#27;[38;5;0m[HTTP]&amp#27;[0m &amp#27;[37m-->&amp#27;[39m &amp#27;[37mGET&amp#27;[39m &amp#27;[37m/session/48a4102c-445f-4a42-b3f3-407546bbd0a5/context&amp#27;[39m
&amp#27;[38;5;0m[HTTP]&amp#27;[0m &amp#27;[90m{}&amp#27;[39m
&amp#27;[38;5;32m[AndroidUiautomator2Driver@164a (48a4102c)]&amp#27;[0m Calling AppiumDriver.getCurrentContext() with args: ["48a4102c-445f-4a42-b3f3-407546bbd0a5"]
&amp#27;[38;5;32m[AndroidUiautomator2Driver@164a (48a4102c)]&amp#27;[0m Responding to client with driver.getCurrentContext() result: "NATIVE_APP"
&amp#27;[38;5;0m[HTTP]&amp#27;[0m &amp#27;[37m<-- GET /session/48a4102c-445f-4a42-b3f3-407546bbd0a5/context &amp#27;[39m&amp#27;[32m200&amp#27;[39m &amp#27;[90m1 ms - 22&amp#27;[39m
&amp#27;[38;5;0m[HTTP]&amp#27;[0m &amp#27;[90m&amp#27;[39m
&amp#27;[38;5;0m[HTTP]&amp#27;[0m &amp#27;[37m-->&amp#27;[39m &amp#27;[37mPOST&amp#27;[39m &amp#27;[37m/session/48a4102c-445f-4a42-b3f3-407546bbd0a5/element&amp#27;[39m
&amp#27;[38;5;0m[HTTP]&amp#27;[0m &amp#27;[90m{"value":"com.androidsample.generalstore:id/btnProceed","using":"id"}&amp#27;[39m
&amp#27;[38;5;32m[AndroidUiautomator2Driver@164a (48a4102c)]&amp#27;[0m Calling AppiumDriver.findElement() with args: ["id","com.androidsample.generalstore:id/btnProceed","48a4102c-445f-4a42-b3f3-407546bbd0a5"]
&amp#27;[38;5;32m[AndroidUiautomator2Driver@164a (48a4102c)]&amp#27;[0m Valid locator strategies for this request: xpath, id, class name, accessibility id, css selector, -android uiautomator
&amp#27;[38;5;32m[AndroidUiautomator2Driver@164a (48a4102c)]&amp#27;[0m Waiting up to 10000 ms for condition
&amp#27;[38;5;32m[AndroidUiautomator2Driver@164a (48a4102c)]&amp#27;[0m Matched '/element' to command name 'findElement'
&amp#27;[38;5;32m[AndroidUiautomator2Driver@164a (48a4102c)]&amp#27;[0m Proxying [POST /element] to [POST http://127.0.0.1:8200/session/a3aa8345-253b-4d06-b85f-9a0747812ef5/element] with body: {"strategy":"id","selector":"com.androidsample.generalstore:id/btnProceed","context":"","multiple":false}
&amp#27;[38;5;32m[AndroidUiautomator2Driver@164a (48a4102c)]&amp#27;[0m Got response with status 200: {"sessionId":"a3aa8345-253b-4d06-b85f-9a0747812ef5","value":{"ELEMENT":"00000000-0000-010d-ffff-ffff0000012c","element-6066-11e4-a52e-4f735466cecf":"00000000-0000-010d-ffff-ffff0000012c"}}
&amp#27;[38;5;32m[AndroidUiautomator2Driver@164a (48a4102c)]&amp#27;[0m Responding to client with driver.findElement() result: {"element-6066-11e4-a52e-4f735466cecf":"00000000-0000-010d-ffff-ffff0000012c","ELEMENT":"00000000-0000-010d-ffff-ffff0000012c"}
&amp#27;[38;5;0m[HTTP]&amp#27;[0m &amp#27;[37m<-- POST /session/48a4102c-445f-4a42-b3f3-407546bbd0a5/element &amp#27;[39m&amp#27;[32m200&amp#27;[39m &amp#27;[90m740 ms - 137&amp#27;[39m
&amp#27;[38;5;0m[HTTP]&amp#27;[0m &amp#27;[90m&amp#27;[39m
&amp#27;[38;5;0m[HTTP]&amp#27;[0m &amp#27;[37m-->&amp#27;[39m &amp#27;[37mPOST&amp#27;[39m &amp#27;[37m/session/48a4102c-445f-4a42-b3f3-407546bbd0a5/element/00000000-0000-010d-ffff-ffff0000012c/click&amp#27;[39m
&amp#27;[38;5;0m[HTTP]&amp#27;[0m &amp#27;[90m{"id":"00000000-0000-010d-ffff-ffff0000012c"}&amp#27;[39m
&amp#27;[38;5;32m[AndroidUiautomator2Driver@164a (48a4102c)]&amp#27;[0m Calling AppiumDriver.click() with args: ["00000000-0000-010d-ffff-ffff0000012c","48a4102c-445f-4a42-b3f3-407546bbd0a5"]
&amp#27;[38;5;32m[AndroidUiautomator2Driver@164a (48a4102c)]&amp#27;[0m Matched '/element/00000000-0000-010d-ffff-ffff0000012c/click' to command name 'click'
&amp#27;[38;5;32m[AndroidUiautomator2Driver@164a (48a4102c)]&amp#27;[0m Proxying [POST /element/00000000-0000-010d-ffff-ffff0000012c/click] to [POST http://127.0.0.1:8200/session/a3aa8345-253b-4d06-b85f-9a0747812ef5/element/00000000-0000-010d-ffff-ffff0000012c/click] with body: {"element":"00000000-0000-010d-ffff-ffff0000012c"}
&amp#27;[38;5;32m[AndroidUiautomator2Driver@164a (48a4102c)]&amp#27;[0m Got response with status 200: {"sessionId":"a3aa8345-253b-4d06-b85f-9a0747812ef5","value":null}
&amp#27;[38;5;32m[AndroidUiautomator2Driver@164a (48a4102c)]&amp#27;[0m Responding to client with driver.click() result: null
&amp#27;[38;5;0m[HTTP]&amp#27;[0m &amp#27;[37m<-- POST /session/48a4102c-445f-4a42-b3f3-407546bbd0a5/element/00000000-0000-010d-ffff-ffff0000012c/click &amp#27;[39m&amp#27;[32m200&amp#27;[39m &amp#27;[90m70 ms - 14&amp#27;[39m
&amp#27;[38;5;0m[HTTP]&amp#27;[0m &amp#27;[90m&amp#27;[39m
&amp#27;[38;5;0m[HTTP]&amp#27;[0m &amp#27;[37m-->&amp#27;[39m &amp#27;[37mPOST&amp#27;[39m &amp#27;[37m/session/48a4102c-445f-4a42-b3f3-407546bbd0a5/execute/sync&amp#27;[39m
&amp#27;[38;5;0m[HTTP]&amp#27;[0m &amp#27;[90m{"args":[{"keycode":4}],"script":"mobile: pressKey"}&amp#27;[39m
&amp#27;[38;5;32m[AndroidUiautomator2Driver@164a (48a4102c)]&amp#27;[0m Calling AppiumDriver.execute() with args: ["mobile: pressKey",[{"keycode":4}],"48a4102c-445f-4a42-b3f3-407546bbd0a5"]
&amp#27;[38;5;32m[AndroidUiautomator2Driver@164a (48a4102c)]&amp#27;[0m Executing method 'mobile: pressKey'
&amp#27;[38;5;32m[AndroidUiautomator2Driver@164a (48a4102c)]&amp#27;[0m Matched '/appium/device/press_keycode' to command name 'pressKeyCode'
&amp#27;[38;5;32m[AndroidUiautomator2Driver@164a (48a4102c)]&amp#27;[0m Proxying [POST /appium/device/press_keycode] to [POST http://127.0.0.1:8200/session/a3aa8345-253b-4d06-b85f-9a0747812ef5/appium/device/press_keycode] with body: {"keycode":4}
&amp#27;[38;5;32m[AndroidUiautomator2Driver@164a (48a4102c)]&amp#27;[0m Got response with status 200: {"sessionId":"a3aa8345-253b-4d06-b85f-9a0747812ef5","value":null}
&amp#27;[38;5;32m[AndroidUiautomator2Driver@164a (48a4102c)]&amp#27;[0m Responding to client with driver.execute() result: null
&amp#27;[38;5;0m[HTTP]&amp#27;[0m &amp#27;[37m<-- POST /session/48a4102c-445f-4a42-b3f3-407546bbd0a5/execute/sync &amp#27;[39m&amp#27;[32m200&amp#27;[39m &amp#27;[90m2165 ms - 14&amp#27;[39m
&amp#27;[38;5;0m[HTTP]&amp#27;[0m &amp#27;[90m&amp#27;[39m
]]></system-out>
  </testcase>
</testsuite>